2022-06-23 08:59:06,394 - INFO - main.py - <module> - 221 - Namespace(adam_epsilon=1e-08, bert_dir='model_hub/chinese-bert-wwm-ext/', data_dir='./data/cner', dropout_prob=0.1, eval_batch_size=8, eval_steps=50, gpu_ids='0', head_size=64, log_dir='./logs/', lr=5e-05, max_grad_norm=1.0, max_seq_len=150, num_tags=8, other_lr=5e-05, output_dir='./checkpoints/', seed=123, train_batch_size=32, train_epochs=7, use_efficient_globalpointer='True', use_tensorboard='True', warmup_proportion=0.1, weight_decay=0.01)
2022-06-23 08:59:13,650 - INFO - train_utils.py - load_model_and_parallel - 113 - Use single gpu in: ['0']
2022-06-23 08:59:15,109 - INFO - main.py - train - 58 - 【train】 epoch:1 0/840 loss:6.6840
2022-06-23 08:59:16,243 - INFO - main.py - train - 58 - 【train】 epoch:1 1/840 loss:5.8721
2022-06-23 08:59:17,373 - INFO - main.py - train - 58 - 【train】 epoch:1 2/840 loss:6.2970
2022-06-23 08:59:18,499 - INFO - main.py - train - 58 - 【train】 epoch:1 3/840 loss:6.1985
2022-06-23 08:59:19,615 - INFO - main.py - train - 58 - 【train】 epoch:1 4/840 loss:6.5266
2022-06-23 08:59:20,737 - INFO - main.py - train - 58 - 【train】 epoch:1 5/840 loss:6.7906
2022-06-23 08:59:21,873 - INFO - main.py - train - 58 - 【train】 epoch:1 6/840 loss:5.6347
2022-06-23 08:59:23,000 - INFO - main.py - train - 58 - 【train】 epoch:1 7/840 loss:6.1714
2022-06-23 08:59:24,131 - INFO - main.py - train - 58 - 【train】 epoch:1 8/840 loss:6.0290
2022-06-23 08:59:25,258 - INFO - main.py - train - 58 - 【train】 epoch:1 9/840 loss:6.7929
2022-06-23 08:59:26,397 - INFO - main.py - train - 58 - 【train】 epoch:1 10/840 loss:6.0128
2022-06-23 08:59:27,537 - INFO - main.py - train - 58 - 【train】 epoch:1 11/840 loss:6.2898
2022-06-23 08:59:28,672 - INFO - main.py - train - 58 - 【train】 epoch:1 12/840 loss:6.1976
2022-06-23 08:59:29,815 - INFO - main.py - train - 58 - 【train】 epoch:1 13/840 loss:5.6767
2022-06-23 08:59:30,938 - INFO - main.py - train - 58 - 【train】 epoch:1 14/840 loss:5.4241
2022-06-23 08:59:32,088 - INFO - main.py - train - 58 - 【train】 epoch:1 15/840 loss:5.5262
2022-06-23 08:59:33,208 - INFO - main.py - train - 58 - 【train】 epoch:1 16/840 loss:4.8690
2022-06-23 08:59:34,329 - INFO - main.py - train - 58 - 【train】 epoch:1 17/840 loss:4.8717
2022-06-23 08:59:35,465 - INFO - main.py - train - 58 - 【train】 epoch:1 18/840 loss:4.8791
2022-06-23 08:59:36,605 - INFO - main.py - train - 58 - 【train】 epoch:1 19/840 loss:4.6547
2022-06-23 08:59:37,742 - INFO - main.py - train - 58 - 【train】 epoch:1 20/840 loss:4.5781
2022-06-23 08:59:38,890 - INFO - main.py - train - 58 - 【train】 epoch:1 21/840 loss:4.3300
2022-06-23 08:59:40,021 - INFO - main.py - train - 58 - 【train】 epoch:1 22/840 loss:3.9638
2022-06-23 08:59:41,155 - INFO - main.py - train - 58 - 【train】 epoch:1 23/840 loss:3.7161
2022-06-23 08:59:42,296 - INFO - main.py - train - 58 - 【train】 epoch:1 24/840 loss:3.9332
2022-06-23 08:59:43,429 - INFO - main.py - train - 58 - 【train】 epoch:1 25/840 loss:3.1246
2022-06-23 08:59:44,563 - INFO - main.py - train - 58 - 【train】 epoch:1 26/840 loss:2.7934
2022-06-23 08:59:45,698 - INFO - main.py - train - 58 - 【train】 epoch:1 27/840 loss:2.9348
2022-06-23 08:59:46,851 - INFO - main.py - train - 58 - 【train】 epoch:1 28/840 loss:2.4153
2022-06-23 08:59:48,001 - INFO - main.py - train - 58 - 【train】 epoch:1 29/840 loss:2.7889
2022-06-23 08:59:49,169 - INFO - main.py - train - 58 - 【train】 epoch:1 30/840 loss:2.2914
2022-06-23 08:59:50,494 - INFO - main.py - train - 58 - 【train】 epoch:1 31/840 loss:2.4298
2022-06-23 08:59:51,624 - INFO - main.py - train - 58 - 【train】 epoch:1 32/840 loss:2.4859
2022-06-23 08:59:52,789 - INFO - main.py - train - 58 - 【train】 epoch:1 33/840 loss:2.5319
2022-06-23 08:59:53,935 - INFO - main.py - train - 58 - 【train】 epoch:1 34/840 loss:2.4272
2022-06-23 08:59:55,102 - INFO - main.py - train - 58 - 【train】 epoch:1 35/840 loss:2.3150
2022-06-23 08:59:56,244 - INFO - main.py - train - 58 - 【train】 epoch:1 36/840 loss:2.3656
2022-06-23 08:59:57,390 - INFO - main.py - train - 58 - 【train】 epoch:1 37/840 loss:2.0837
2022-06-23 08:59:58,527 - INFO - main.py - train - 58 - 【train】 epoch:1 38/840 loss:1.8757
2022-06-23 08:59:59,667 - INFO - main.py - train - 58 - 【train】 epoch:1 39/840 loss:1.9242
2022-06-23 09:00:00,811 - INFO - main.py - train - 58 - 【train】 epoch:1 40/840 loss:1.9936
2022-06-23 09:00:01,957 - INFO - main.py - train - 58 - 【train】 epoch:1 41/840 loss:1.8515
2022-06-23 09:00:03,116 - INFO - main.py - train - 58 - 【train】 epoch:1 42/840 loss:1.6405
2022-06-23 09:00:04,278 - INFO - main.py - train - 58 - 【train】 epoch:1 43/840 loss:1.4151
2022-06-23 09:00:05,427 - INFO - main.py - train - 58 - 【train】 epoch:1 44/840 loss:1.5308
2022-06-23 09:00:06,567 - INFO - main.py - train - 58 - 【train】 epoch:1 45/840 loss:1.2380
2022-06-23 09:00:07,720 - INFO - main.py - train - 58 - 【train】 epoch:1 46/840 loss:1.4334
2022-06-23 09:00:08,856 - INFO - main.py - train - 58 - 【train】 epoch:1 47/840 loss:1.1906
2022-06-23 09:00:10,011 - INFO - main.py - train - 58 - 【train】 epoch:1 48/840 loss:1.1698
2022-06-23 09:00:11,156 - INFO - main.py - train - 58 - 【train】 epoch:1 49/840 loss:1.3681
2022-06-23 09:00:21,149 - INFO - main.py - train - 65 - [eval] loss:0.0000 precision=0.8218 recall=0.0901 f1_score=0.1623
2022-06-23 09:00:21,152 - INFO - train_utils.py - save_model - 77 - Saving model checkpoint to ./checkpoints/bert-1-eff
2022-06-23 09:00:23,781 - INFO - main.py - train - 58 - 【train】 epoch:1 50/840 loss:1.3473
2022-06-23 09:00:24,954 - INFO - main.py - train - 58 - 【train】 epoch:1 51/840 loss:0.9836
2022-06-23 09:00:26,098 - INFO - main.py - train - 58 - 【train】 epoch:1 52/840 loss:0.9006
2022-06-23 09:00:27,272 - INFO - main.py - train - 58 - 【train】 epoch:1 53/840 loss:0.8755
2022-06-23 09:00:28,437 - INFO - main.py - train - 58 - 【train】 epoch:1 54/840 loss:1.0008
2022-06-23 09:00:29,595 - INFO - main.py - train - 58 - 【train】 epoch:1 55/840 loss:0.8657
2022-06-23 09:00:30,766 - INFO - main.py - train - 58 - 【train】 epoch:1 56/840 loss:0.7996
2022-06-23 09:00:31,949 - INFO - main.py - train - 58 - 【train】 epoch:1 57/840 loss:0.7167
2022-06-23 09:00:33,329 - INFO - main.py - train - 58 - 【train】 epoch:1 58/840 loss:0.6648
2022-06-23 09:00:34,658 - INFO - main.py - train - 58 - 【train】 epoch:1 59/840 loss:0.5622
2022-06-23 09:00:35,948 - INFO - main.py - train - 58 - 【train】 epoch:1 60/840 loss:0.6958
2022-06-23 09:00:37,120 - INFO - main.py - train - 58 - 【train】 epoch:1 61/840 loss:0.6822
2022-06-23 09:00:38,297 - INFO - main.py - train - 58 - 【train】 epoch:1 62/840 loss:0.6864
2022-06-23 09:00:39,464 - INFO - main.py - train - 58 - 【train】 epoch:1 63/840 loss:0.8792
2022-06-23 09:00:40,635 - INFO - main.py - train - 58 - 【train】 epoch:1 64/840 loss:0.5084
2022-06-23 09:00:41,805 - INFO - main.py - train - 58 - 【train】 epoch:1 65/840 loss:0.4972
2022-06-23 09:00:42,973 - INFO - main.py - train - 58 - 【train】 epoch:1 66/840 loss:0.5583
2022-06-23 09:00:44,173 - INFO - main.py - train - 58 - 【train】 epoch:1 67/840 loss:0.5111
2022-06-23 09:00:45,348 - INFO - main.py - train - 58 - 【train】 epoch:1 68/840 loss:0.6311
2022-06-23 09:00:46,521 - INFO - main.py - train - 58 - 【train】 epoch:1 69/840 loss:0.5047
2022-06-23 09:00:47,695 - INFO - main.py - train - 58 - 【train】 epoch:1 70/840 loss:0.6467
2022-06-23 09:00:48,862 - INFO - main.py - train - 58 - 【train】 epoch:1 71/840 loss:0.5748
2022-06-23 09:00:50,044 - INFO - main.py - train - 58 - 【train】 epoch:1 72/840 loss:0.5307
2022-06-23 09:00:51,232 - INFO - main.py - train - 58 - 【train】 epoch:1 73/840 loss:0.4103
2022-06-23 09:00:52,415 - INFO - main.py - train - 58 - 【train】 epoch:1 74/840 loss:0.5384
2022-06-23 09:00:53,592 - INFO - main.py - train - 58 - 【train】 epoch:1 75/840 loss:0.3580
2022-06-23 09:00:54,764 - INFO - main.py - train - 58 - 【train】 epoch:1 76/840 loss:0.6230
2022-06-23 09:00:55,942 - INFO - main.py - train - 58 - 【train】 epoch:1 77/840 loss:0.4216
2022-06-23 09:00:57,116 - INFO - main.py - train - 58 - 【train】 epoch:1 78/840 loss:0.4108
2022-06-23 09:00:58,298 - INFO - main.py - train - 58 - 【train】 epoch:1 79/840 loss:0.5584
2022-06-23 09:00:59,483 - INFO - main.py - train - 58 - 【train】 epoch:1 80/840 loss:0.6520
2022-06-23 09:01:00,660 - INFO - main.py - train - 58 - 【train】 epoch:1 81/840 loss:0.4774
2022-06-23 09:01:01,845 - INFO - main.py - train - 58 - 【train】 epoch:1 82/840 loss:0.5807
2022-06-23 09:01:03,022 - INFO - main.py - train - 58 - 【train】 epoch:1 83/840 loss:0.3723
2022-06-23 09:01:04,201 - INFO - main.py - train - 58 - 【train】 epoch:1 84/840 loss:0.4485
2022-06-23 09:01:05,392 - INFO - main.py - train - 58 - 【train】 epoch:1 85/840 loss:0.4151
2022-06-23 09:01:06,580 - INFO - main.py - train - 58 - 【train】 epoch:1 86/840 loss:0.4957
2022-06-23 09:01:07,779 - INFO - main.py - train - 58 - 【train】 epoch:1 87/840 loss:0.2605
2022-06-23 09:01:08,969 - INFO - main.py - train - 58 - 【train】 epoch:1 88/840 loss:0.4765
2022-06-23 09:01:10,163 - INFO - main.py - train - 58 - 【train】 epoch:1 89/840 loss:0.3563
2022-06-23 09:01:11,358 - INFO - main.py - train - 58 - 【train】 epoch:1 90/840 loss:0.4329
2022-06-23 09:01:12,576 - INFO - main.py - train - 58 - 【train】 epoch:1 91/840 loss:0.3222
2022-06-23 09:01:13,785 - INFO - main.py - train - 58 - 【train】 epoch:1 92/840 loss:0.2717
2022-06-23 09:01:14,970 - INFO - main.py - train - 58 - 【train】 epoch:1 93/840 loss:0.3836
2022-06-23 09:01:16,162 - INFO - main.py - train - 58 - 【train】 epoch:1 94/840 loss:0.3323
2022-06-23 09:01:17,369 - INFO - main.py - train - 58 - 【train】 epoch:1 95/840 loss:0.3272
2022-06-23 09:01:18,574 - INFO - main.py - train - 58 - 【train】 epoch:1 96/840 loss:0.3331
2022-06-23 09:01:19,764 - INFO - main.py - train - 58 - 【train】 epoch:1 97/840 loss:0.4280
2022-06-23 09:01:20,965 - INFO - main.py - train - 58 - 【train】 epoch:1 98/840 loss:0.5095
2022-06-23 09:01:22,159 - INFO - main.py - train - 58 - 【train】 epoch:1 99/840 loss:0.2505
2022-06-23 09:01:32,411 - INFO - main.py - train - 65 - [eval] loss:0.0000 precision=0.9284 recall=0.8243 f1_score=0.8732
2022-06-23 09:01:32,412 - INFO - train_utils.py - save_model - 77 - Saving model checkpoint to ./checkpoints/bert-1-eff
2022-06-23 09:01:35,106 - INFO - main.py - train - 58 - 【train】 epoch:1 100/840 loss:0.4572
2022-06-23 09:01:36,310 - INFO - main.py - train - 58 - 【train】 epoch:1 101/840 loss:0.5782
2022-06-23 09:01:37,512 - INFO - main.py - train - 58 - 【train】 epoch:1 102/840 loss:0.3373
2022-06-23 09:01:38,716 - INFO - main.py - train - 58 - 【train】 epoch:1 103/840 loss:0.3129
2022-06-23 09:01:39,910 - INFO - main.py - train - 58 - 【train】 epoch:1 104/840 loss:0.3212
2022-06-23 09:01:41,110 - INFO - main.py - train - 58 - 【train】 epoch:1 105/840 loss:0.2778
2022-06-23 09:01:42,325 - INFO - main.py - train - 58 - 【train】 epoch:1 106/840 loss:0.3067
2022-06-23 09:01:43,721 - INFO - main.py - train - 58 - 【train】 epoch:1 107/840 loss:0.2416
2022-06-23 09:01:45,112 - INFO - main.py - train - 58 - 【train】 epoch:1 108/840 loss:0.4028
2022-06-23 09:01:46,316 - INFO - main.py - train - 58 - 【train】 epoch:1 109/840 loss:0.3193
2022-06-23 09:01:47,535 - INFO - main.py - train - 58 - 【train】 epoch:1 110/840 loss:0.3024
2022-06-23 09:01:48,735 - INFO - main.py - train - 58 - 【train】 epoch:1 111/840 loss:0.3553
2022-06-23 09:01:49,945 - INFO - main.py - train - 58 - 【train】 epoch:1 112/840 loss:0.3111
2022-06-23 09:01:51,150 - INFO - main.py - train - 58 - 【train】 epoch:1 113/840 loss:0.3607
2022-06-23 09:01:52,366 - INFO - main.py - train - 58 - 【train】 epoch:1 114/840 loss:0.2924
2022-06-23 09:01:53,589 - INFO - main.py - train - 58 - 【train】 epoch:1 115/840 loss:0.3570
2022-06-23 09:01:54,814 - INFO - main.py - train - 58 - 【train】 epoch:1 116/840 loss:0.2693
2022-06-23 09:01:56,017 - INFO - main.py - train - 58 - 【train】 epoch:1 117/840 loss:0.3186
2022-06-23 09:01:57,222 - INFO - main.py - train - 58 - 【train】 epoch:1 118/840 loss:0.2889
2022-06-23 09:01:57,746 - INFO - main.py - train - 58 - 【train】 epoch:1 119/840 loss:0.3836
2022-06-23 09:01:58,962 - INFO - main.py - train - 58 - 【train】 epoch:2 120/840 loss:0.2332
2022-06-23 09:02:00,163 - INFO - main.py - train - 58 - 【train】 epoch:2 121/840 loss:0.2539
2022-06-23 09:02:01,363 - INFO - main.py - train - 58 - 【train】 epoch:2 122/840 loss:0.3147
2022-06-23 09:02:02,572 - INFO - main.py - train - 58 - 【train】 epoch:2 123/840 loss:0.2223
2022-06-23 09:02:03,780 - INFO - main.py - train - 58 - 【train】 epoch:2 124/840 loss:0.2765
2022-06-23 09:02:04,981 - INFO - main.py - train - 58 - 【train】 epoch:2 125/840 loss:0.4252
2022-06-23 09:02:06,185 - INFO - main.py - train - 58 - 【train】 epoch:2 126/840 loss:0.2313
2022-06-23 09:02:07,385 - INFO - main.py - train - 58 - 【train】 epoch:2 127/840 loss:0.2044
2022-06-23 09:02:08,590 - INFO - main.py - train - 58 - 【train】 epoch:2 128/840 loss:0.2439
2022-06-23 09:02:09,788 - INFO - main.py - train - 58 - 【train】 epoch:2 129/840 loss:0.2564
2022-06-23 09:02:11,002 - INFO - main.py - train - 58 - 【train】 epoch:2 130/840 loss:0.1459
2022-06-23 09:02:12,206 - INFO - main.py - train - 58 - 【train】 epoch:2 131/840 loss:0.2254
2022-06-23 09:02:13,404 - INFO - main.py - train - 58 - 【train】 epoch:2 132/840 loss:0.2419
2022-06-23 09:02:14,599 - INFO - main.py - train - 58 - 【train】 epoch:2 133/840 loss:0.3129
2022-06-23 09:02:15,807 - INFO - main.py - train - 58 - 【train】 epoch:2 134/840 loss:0.2560
2022-06-23 09:02:17,016 - INFO - main.py - train - 58 - 【train】 epoch:2 135/840 loss:0.2018
2022-06-23 09:02:18,205 - INFO - main.py - train - 58 - 【train】 epoch:2 136/840 loss:0.1986
2022-06-23 09:02:19,393 - INFO - main.py - train - 58 - 【train】 epoch:2 137/840 loss:0.3425
2022-06-23 09:02:20,589 - INFO - main.py - train - 58 - 【train】 epoch:2 138/840 loss:0.2940
2022-06-23 09:02:21,778 - INFO - main.py - train - 58 - 【train】 epoch:2 139/840 loss:0.2759
2022-06-23 09:02:22,981 - INFO - main.py - train - 58 - 【train】 epoch:2 140/840 loss:0.2134
2022-06-23 09:02:24,187 - INFO - main.py - train - 58 - 【train】 epoch:2 141/840 loss:0.2368
2022-06-23 09:02:25,386 - INFO - main.py - train - 58 - 【train】 epoch:2 142/840 loss:0.1765
2022-06-23 09:02:26,574 - INFO - main.py - train - 58 - 【train】 epoch:2 143/840 loss:0.1931
2022-06-23 09:02:27,755 - INFO - main.py - train - 58 - 【train】 epoch:2 144/840 loss:0.1835
2022-06-23 09:02:28,940 - INFO - main.py - train - 58 - 【train】 epoch:2 145/840 loss:0.1512
2022-06-23 09:02:30,130 - INFO - main.py - train - 58 - 【train】 epoch:2 146/840 loss:0.2058
2022-06-23 09:02:31,326 - INFO - main.py - train - 58 - 【train】 epoch:2 147/840 loss:0.2405
2022-06-23 09:02:32,519 - INFO - main.py - train - 58 - 【train】 epoch:2 148/840 loss:0.3523
2022-06-23 09:02:33,701 - INFO - main.py - train - 58 - 【train】 epoch:2 149/840 loss:0.2277
2022-06-23 09:02:43,827 - INFO - main.py - train - 65 - [eval] loss:0.0000 precision=0.9518 recall=0.8709 f1_score=0.9096
2022-06-23 09:02:43,828 - INFO - train_utils.py - save_model - 77 - Saving model checkpoint to ./checkpoints/bert-1-eff
2022-06-23 09:02:46,409 - INFO - main.py - train - 58 - 【train】 epoch:2 150/840 loss:0.2116
2022-06-23 09:02:47,617 - INFO - main.py - train - 58 - 【train】 epoch:2 151/840 loss:0.1867
2022-06-23 09:02:48,796 - INFO - main.py - train - 58 - 【train】 epoch:2 152/840 loss:0.1458
2022-06-23 09:02:49,994 - INFO - main.py - train - 58 - 【train】 epoch:2 153/840 loss:0.1860
2022-06-23 09:02:51,172 - INFO - main.py - train - 58 - 【train】 epoch:2 154/840 loss:0.1731
2022-06-23 09:02:52,358 - INFO - main.py - train - 58 - 【train】 epoch:2 155/840 loss:0.2801
2022-06-23 09:02:53,759 - INFO - main.py - train - 58 - 【train】 epoch:2 156/840 loss:0.2124
2022-06-23 09:02:55,142 - INFO - main.py - train - 58 - 【train】 epoch:2 157/840 loss:0.1414
2022-06-23 09:02:56,330 - INFO - main.py - train - 58 - 【train】 epoch:2 158/840 loss:0.2086
2022-06-23 09:02:57,536 - INFO - main.py - train - 58 - 【train】 epoch:2 159/840 loss:0.3011
2022-06-23 09:02:58,742 - INFO - main.py - train - 58 - 【train】 epoch:2 160/840 loss:0.3059
2022-06-23 09:02:59,951 - INFO - main.py - train - 58 - 【train】 epoch:2 161/840 loss:0.1642
2022-06-23 09:03:01,141 - INFO - main.py - train - 58 - 【train】 epoch:2 162/840 loss:0.1775
2022-06-23 09:03:02,347 - INFO - main.py - train - 58 - 【train】 epoch:2 163/840 loss:0.3280
2022-06-23 09:03:03,546 - INFO - main.py - train - 58 - 【train】 epoch:2 164/840 loss:0.1721
2022-06-23 09:03:04,754 - INFO - main.py - train - 58 - 【train】 epoch:2 165/840 loss:0.3043
2022-06-23 09:03:05,982 - INFO - main.py - train - 58 - 【train】 epoch:2 166/840 loss:0.2614
2022-06-23 09:03:07,194 - INFO - main.py - train - 58 - 【train】 epoch:2 167/840 loss:0.2167
2022-06-23 09:03:08,405 - INFO - main.py - train - 58 - 【train】 epoch:2 168/840 loss:0.2094
2022-06-23 09:03:09,604 - INFO - main.py - train - 58 - 【train】 epoch:2 169/840 loss:0.1367
2022-06-23 09:03:10,830 - INFO - main.py - train - 58 - 【train】 epoch:2 170/840 loss:0.2781
2022-06-23 09:03:12,051 - INFO - main.py - train - 58 - 【train】 epoch:2 171/840 loss:0.1167
2022-06-23 09:03:13,282 - INFO - main.py - train - 58 - 【train】 epoch:2 172/840 loss:0.4759
2022-06-23 09:03:14,495 - INFO - main.py - train - 58 - 【train】 epoch:2 173/840 loss:0.1910
2022-06-23 09:03:15,708 - INFO - main.py - train - 58 - 【train】 epoch:2 174/840 loss:0.1786
2022-06-23 09:03:16,928 - INFO - main.py - train - 58 - 【train】 epoch:2 175/840 loss:0.3086
2022-06-23 09:03:18,142 - INFO - main.py - train - 58 - 【train】 epoch:2 176/840 loss:0.2074
2022-06-23 09:03:19,360 - INFO - main.py - train - 58 - 【train】 epoch:2 177/840 loss:0.2820
2022-06-23 09:03:20,571 - INFO - main.py - train - 58 - 【train】 epoch:2 178/840 loss:0.2927
2022-06-23 09:03:21,781 - INFO - main.py - train - 58 - 【train】 epoch:2 179/840 loss:0.1859
2022-06-23 09:03:22,980 - INFO - main.py - train - 58 - 【train】 epoch:2 180/840 loss:0.2662
2022-06-23 09:03:24,192 - INFO - main.py - train - 58 - 【train】 epoch:2 181/840 loss:0.1720
2022-06-23 09:03:25,402 - INFO - main.py - train - 58 - 【train】 epoch:2 182/840 loss:0.1915
2022-06-23 09:03:26,594 - INFO - main.py - train - 58 - 【train】 epoch:2 183/840 loss:0.1784
2022-06-23 09:03:27,814 - INFO - main.py - train - 58 - 【train】 epoch:2 184/840 loss:0.2927
2022-06-23 09:03:29,019 - INFO - main.py - train - 58 - 【train】 epoch:2 185/840 loss:0.1506
2022-06-23 09:03:30,226 - INFO - main.py - train - 58 - 【train】 epoch:2 186/840 loss:0.1390
2022-06-23 09:03:31,436 - INFO - main.py - train - 58 - 【train】 epoch:2 187/840 loss:0.2670
2022-06-23 09:03:32,645 - INFO - main.py - train - 58 - 【train】 epoch:2 188/840 loss:0.1550
2022-06-23 09:03:33,840 - INFO - main.py - train - 58 - 【train】 epoch:2 189/840 loss:0.2660
2022-06-23 09:03:35,033 - INFO - main.py - train - 58 - 【train】 epoch:2 190/840 loss:0.2686
2022-06-23 09:03:36,226 - INFO - main.py - train - 58 - 【train】 epoch:2 191/840 loss:0.2037
2022-06-23 09:03:37,440 - INFO - main.py - train - 58 - 【train】 epoch:2 192/840 loss:0.1733
2022-06-23 09:03:38,645 - INFO - main.py - train - 58 - 【train】 epoch:2 193/840 loss:0.2553
2022-06-23 09:03:39,845 - INFO - main.py - train - 58 - 【train】 epoch:2 194/840 loss:0.2421
2022-06-23 09:03:41,043 - INFO - main.py - train - 58 - 【train】 epoch:2 195/840 loss:0.2184
2022-06-23 09:03:42,242 - INFO - main.py - train - 58 - 【train】 epoch:2 196/840 loss:0.2019
2022-06-23 09:03:43,446 - INFO - main.py - train - 58 - 【train】 epoch:2 197/840 loss:0.1449
2022-06-23 09:03:44,654 - INFO - main.py - train - 58 - 【train】 epoch:2 198/840 loss:0.1077
2022-06-23 09:03:45,857 - INFO - main.py - train - 58 - 【train】 epoch:2 199/840 loss:0.2715
2022-06-23 09:03:55,919 - INFO - main.py - train - 65 - [eval] loss:0.0000 precision=0.9510 recall=0.8929 f1_score=0.9211
2022-06-23 09:03:55,920 - INFO - train_utils.py - save_model - 77 - Saving model checkpoint to ./checkpoints/bert-1-eff
2022-06-23 09:03:58,391 - INFO - main.py - train - 58 - 【train】 epoch:2 200/840 loss:0.1823
2022-06-23 09:03:59,582 - INFO - main.py - train - 58 - 【train】 epoch:2 201/840 loss:0.2551
2022-06-23 09:04:00,770 - INFO - main.py - train - 58 - 【train】 epoch:2 202/840 loss:0.1432
2022-06-23 09:04:01,965 - INFO - main.py - train - 58 - 【train】 epoch:2 203/840 loss:0.2722
2022-06-23 09:04:03,179 - INFO - main.py - train - 58 - 【train】 epoch:2 204/840 loss:0.0852
2022-06-23 09:04:04,767 - INFO - main.py - train - 58 - 【train】 epoch:2 205/840 loss:0.2623
2022-06-23 09:04:06,351 - INFO - main.py - train - 58 - 【train】 epoch:2 206/840 loss:0.1396
2022-06-23 09:04:07,575 - INFO - main.py - train - 58 - 【train】 epoch:2 207/840 loss:0.2570
2022-06-23 09:04:08,928 - INFO - main.py - train - 58 - 【train】 epoch:2 208/840 loss:0.2277
2022-06-23 09:04:10,318 - INFO - main.py - train - 58 - 【train】 epoch:2 209/840 loss:0.1606
2022-06-23 09:04:11,520 - INFO - main.py - train - 58 - 【train】 epoch:2 210/840 loss:0.2028
2022-06-23 09:04:12,716 - INFO - main.py - train - 58 - 【train】 epoch:2 211/840 loss:0.3229
2022-06-23 09:04:13,904 - INFO - main.py - train - 58 - 【train】 epoch:2 212/840 loss:0.2109
2022-06-23 09:04:15,102 - INFO - main.py - train - 58 - 【train】 epoch:2 213/840 loss:0.1681
2022-06-23 09:04:16,309 - INFO - main.py - train - 58 - 【train】 epoch:2 214/840 loss:0.2901
2022-06-23 09:04:17,514 - INFO - main.py - train - 58 - 【train】 epoch:2 215/840 loss:0.1336
2022-06-23 09:04:18,704 - INFO - main.py - train - 58 - 【train】 epoch:2 216/840 loss:0.3091
2022-06-23 09:04:19,908 - INFO - main.py - train - 58 - 【train】 epoch:2 217/840 loss:0.1394
2022-06-23 09:04:21,100 - INFO - main.py - train - 58 - 【train】 epoch:2 218/840 loss:0.1172
2022-06-23 09:04:22,310 - INFO - main.py - train - 58 - 【train】 epoch:2 219/840 loss:0.2348
2022-06-23 09:04:23,514 - INFO - main.py - train - 58 - 【train】 epoch:2 220/840 loss:0.2504
2022-06-23 09:04:24,704 - INFO - main.py - train - 58 - 【train】 epoch:2 221/840 loss:0.2551
2022-06-23 09:04:25,898 - INFO - main.py - train - 58 - 【train】 epoch:2 222/840 loss:0.1444
2022-06-23 09:04:27,110 - INFO - main.py - train - 58 - 【train】 epoch:2 223/840 loss:0.3217
2022-06-23 09:04:28,326 - INFO - main.py - train - 58 - 【train】 epoch:2 224/840 loss:0.2487
2022-06-23 09:04:29,529 - INFO - main.py - train - 58 - 【train】 epoch:2 225/840 loss:0.1342
2022-06-23 09:04:30,735 - INFO - main.py - train - 58 - 【train】 epoch:2 226/840 loss:0.2662
2022-06-23 09:04:31,928 - INFO - main.py - train - 58 - 【train】 epoch:2 227/840 loss:0.2408
2022-06-23 09:04:33,133 - INFO - main.py - train - 58 - 【train】 epoch:2 228/840 loss:0.1269
2022-06-23 09:04:34,326 - INFO - main.py - train - 58 - 【train】 epoch:2 229/840 loss:0.1164
2022-06-23 09:04:35,533 - INFO - main.py - train - 58 - 【train】 epoch:2 230/840 loss:0.1563
2022-06-23 09:04:36,733 - INFO - main.py - train - 58 - 【train】 epoch:2 231/840 loss:0.2059
2022-06-23 09:04:37,944 - INFO - main.py - train - 58 - 【train】 epoch:2 232/840 loss:0.1650
2022-06-23 09:04:39,146 - INFO - main.py - train - 58 - 【train】 epoch:2 233/840 loss:0.2689
2022-06-23 09:04:40,354 - INFO - main.py - train - 58 - 【train】 epoch:2 234/840 loss:0.1847
2022-06-23 09:04:41,551 - INFO - main.py - train - 58 - 【train】 epoch:2 235/840 loss:0.1471
2022-06-23 09:04:42,754 - INFO - main.py - train - 58 - 【train】 epoch:2 236/840 loss:0.1513
2022-06-23 09:04:43,979 - INFO - main.py - train - 58 - 【train】 epoch:2 237/840 loss:0.2237
2022-06-23 09:04:45,171 - INFO - main.py - train - 58 - 【train】 epoch:2 238/840 loss:0.1405
2022-06-23 09:04:45,692 - INFO - main.py - train - 58 - 【train】 epoch:2 239/840 loss:0.2666
2022-06-23 09:04:46,912 - INFO - main.py - train - 58 - 【train】 epoch:3 240/840 loss:0.2390
2022-06-23 09:04:48,123 - INFO - main.py - train - 58 - 【train】 epoch:3 241/840 loss:0.1423
2022-06-23 09:04:49,322 - INFO - main.py - train - 58 - 【train】 epoch:3 242/840 loss:0.1442
2022-06-23 09:04:50,516 - INFO - main.py - train - 58 - 【train】 epoch:3 243/840 loss:0.2020
2022-06-23 09:04:51,718 - INFO - main.py - train - 58 - 【train】 epoch:3 244/840 loss:0.2091
2022-06-23 09:04:52,921 - INFO - main.py - train - 58 - 【train】 epoch:3 245/840 loss:0.1381
2022-06-23 09:04:54,125 - INFO - main.py - train - 58 - 【train】 epoch:3 246/840 loss:0.1718
2022-06-23 09:04:55,326 - INFO - main.py - train - 58 - 【train】 epoch:3 247/840 loss:0.2224
2022-06-23 09:04:56,515 - INFO - main.py - train - 58 - 【train】 epoch:3 248/840 loss:0.1044
2022-06-23 09:04:57,712 - INFO - main.py - train - 58 - 【train】 epoch:3 249/840 loss:0.0778
2022-06-23 09:05:07,938 - INFO - main.py - train - 65 - [eval] loss:0.0000 precision=0.9515 recall=0.9144 f1_score=0.9326
2022-06-23 09:05:07,939 - INFO - train_utils.py - save_model - 77 - Saving model checkpoint to ./checkpoints/bert-1-eff
2022-06-23 09:05:10,548 - INFO - main.py - train - 58 - 【train】 epoch:3 250/840 loss:0.1027
2022-06-23 09:05:11,740 - INFO - main.py - train - 58 - 【train】 epoch:3 251/840 loss:0.1242
2022-06-23 09:05:12,931 - INFO - main.py - train - 58 - 【train】 epoch:3 252/840 loss:0.1167
2022-06-23 09:05:14,120 - INFO - main.py - train - 58 - 【train】 epoch:3 253/840 loss:0.1457
2022-06-23 09:05:15,314 - INFO - main.py - train - 58 - 【train】 epoch:3 254/840 loss:0.2096
2022-06-23 09:05:16,514 - INFO - main.py - train - 58 - 【train】 epoch:3 255/840 loss:0.1320
2022-06-23 09:05:17,897 - INFO - main.py - train - 58 - 【train】 epoch:3 256/840 loss:0.0790
2022-06-23 09:05:19,331 - INFO - main.py - train - 58 - 【train】 epoch:3 257/840 loss:0.1265
2022-06-23 09:05:20,666 - INFO - main.py - train - 58 - 【train】 epoch:3 258/840 loss:0.2060
2022-06-23 09:05:21,893 - INFO - main.py - train - 58 - 【train】 epoch:3 259/840 loss:0.0712
2022-06-23 09:05:23,091 - INFO - main.py - train - 58 - 【train】 epoch:3 260/840 loss:0.0585
2022-06-23 09:05:24,288 - INFO - main.py - train - 58 - 【train】 epoch:3 261/840 loss:0.1434
2022-06-23 09:05:25,473 - INFO - main.py - train - 58 - 【train】 epoch:3 262/840 loss:0.1051
2022-06-23 09:05:26,669 - INFO - main.py - train - 58 - 【train】 epoch:3 263/840 loss:0.2012
2022-06-23 09:05:27,884 - INFO - main.py - train - 58 - 【train】 epoch:3 264/840 loss:0.0833
2022-06-23 09:05:29,073 - INFO - main.py - train - 58 - 【train】 epoch:3 265/840 loss:0.0543
2022-06-23 09:05:30,280 - INFO - main.py - train - 58 - 【train】 epoch:3 266/840 loss:0.2113
2022-06-23 09:05:31,474 - INFO - main.py - train - 58 - 【train】 epoch:3 267/840 loss:0.1825
2022-06-23 09:05:32,679 - INFO - main.py - train - 58 - 【train】 epoch:3 268/840 loss:0.1352
2022-06-23 09:05:33,878 - INFO - main.py - train - 58 - 【train】 epoch:3 269/840 loss:0.1407
2022-06-23 09:05:35,088 - INFO - main.py - train - 58 - 【train】 epoch:3 270/840 loss:0.1683
2022-06-23 09:05:36,287 - INFO - main.py - train - 58 - 【train】 epoch:3 271/840 loss:0.2054
2022-06-23 09:05:37,483 - INFO - main.py - train - 58 - 【train】 epoch:3 272/840 loss:0.0646
2022-06-23 09:05:38,672 - INFO - main.py - train - 58 - 【train】 epoch:3 273/840 loss:0.1101
2022-06-23 09:05:39,886 - INFO - main.py - train - 58 - 【train】 epoch:3 274/840 loss:0.1358
2022-06-23 09:05:41,088 - INFO - main.py - train - 58 - 【train】 epoch:3 275/840 loss:0.1179
2022-06-23 09:05:42,293 - INFO - main.py - train - 58 - 【train】 epoch:3 276/840 loss:0.1083
2022-06-23 09:05:43,503 - INFO - main.py - train - 58 - 【train】 epoch:3 277/840 loss:0.2006
2022-06-23 09:05:44,692 - INFO - main.py - train - 58 - 【train】 epoch:3 278/840 loss:0.0852
2022-06-23 09:05:45,891 - INFO - main.py - train - 58 - 【train】 epoch:3 279/840 loss:0.0830
2022-06-23 09:05:47,102 - INFO - main.py - train - 58 - 【train】 epoch:3 280/840 loss:0.1255
2022-06-23 09:05:48,309 - INFO - main.py - train - 58 - 【train】 epoch:3 281/840 loss:0.1184
2022-06-23 09:05:49,511 - INFO - main.py - train - 58 - 【train】 epoch:3 282/840 loss:0.1843
2022-06-23 09:05:50,707 - INFO - main.py - train - 58 - 【train】 epoch:3 283/840 loss:0.1525
2022-06-23 09:05:51,915 - INFO - main.py - train - 58 - 【train】 epoch:3 284/840 loss:0.1380
2022-06-23 09:05:53,118 - INFO - main.py - train - 58 - 【train】 epoch:3 285/840 loss:0.0965
2022-06-23 09:05:54,323 - INFO - main.py - train - 58 - 【train】 epoch:3 286/840 loss:0.0549
2022-06-23 09:05:55,522 - INFO - main.py - train - 58 - 【train】 epoch:3 287/840 loss:0.2104
2022-06-23 09:05:56,712 - INFO - main.py - train - 58 - 【train】 epoch:3 288/840 loss:0.0964
2022-06-23 09:05:57,907 - INFO - main.py - train - 58 - 【train】 epoch:3 289/840 loss:0.1953
2022-06-23 09:05:59,146 - INFO - main.py - train - 58 - 【train】 epoch:3 290/840 loss:0.1229
2022-06-23 09:06:00,348 - INFO - main.py - train - 58 - 【train】 epoch:3 291/840 loss:0.0524
2022-06-23 09:06:01,552 - INFO - main.py - train - 58 - 【train】 epoch:3 292/840 loss:0.1889
2022-06-23 09:06:02,747 - INFO - main.py - train - 58 - 【train】 epoch:3 293/840 loss:0.2336
2022-06-23 09:06:03,936 - INFO - main.py - train - 58 - 【train】 epoch:3 294/840 loss:0.0853
2022-06-23 09:06:05,132 - INFO - main.py - train - 58 - 【train】 epoch:3 295/840 loss:0.1806
2022-06-23 09:06:06,331 - INFO - main.py - train - 58 - 【train】 epoch:3 296/840 loss:0.1007
2022-06-23 09:06:07,541 - INFO - main.py - train - 58 - 【train】 epoch:3 297/840 loss:0.2631
2022-06-23 09:06:08,732 - INFO - main.py - train - 58 - 【train】 epoch:3 298/840 loss:0.0936
2022-06-23 09:06:09,924 - INFO - main.py - train - 58 - 【train】 epoch:3 299/840 loss:0.1010
2022-06-23 09:06:20,101 - INFO - main.py - train - 65 - [eval] loss:0.0000 precision=0.9408 recall=0.9515 f1_score=0.9461
2022-06-23 09:06:20,102 - INFO - train_utils.py - save_model - 77 - Saving model checkpoint to ./checkpoints/bert-1-eff
2022-06-23 09:06:22,681 - INFO - main.py - train - 58 - 【train】 epoch:3 300/840 loss:0.1796
2022-06-23 09:06:23,879 - INFO - main.py - train - 58 - 【train】 epoch:3 301/840 loss:0.1367
2022-06-23 09:06:25,086 - INFO - main.py - train - 58 - 【train】 epoch:3 302/840 loss:0.0718
2022-06-23 09:06:26,277 - INFO - main.py - train - 58 - 【train】 epoch:3 303/840 loss:0.1592
2022-06-23 09:06:27,476 - INFO - main.py - train - 58 - 【train】 epoch:3 304/840 loss:0.1972
2022-06-23 09:06:28,693 - INFO - main.py - train - 58 - 【train】 epoch:3 305/840 loss:0.0956
2022-06-23 09:06:29,936 - INFO - main.py - train - 58 - 【train】 epoch:3 306/840 loss:0.1355
2022-06-23 09:06:31,212 - INFO - main.py - train - 58 - 【train】 epoch:3 307/840 loss:0.1169
2022-06-23 09:06:32,408 - INFO - main.py - train - 58 - 【train】 epoch:3 308/840 loss:0.1260
2022-06-23 09:06:33,645 - INFO - main.py - train - 58 - 【train】 epoch:3 309/840 loss:0.2036
2022-06-23 09:06:34,879 - INFO - main.py - train - 58 - 【train】 epoch:3 310/840 loss:0.2052
2022-06-23 09:06:36,175 - INFO - main.py - train - 58 - 【train】 epoch:3 311/840 loss:0.1847
2022-06-23 09:06:37,437 - INFO - main.py - train - 58 - 【train】 epoch:3 312/840 loss:0.0915
2022-06-23 09:06:38,679 - INFO - main.py - train - 58 - 【train】 epoch:3 313/840 loss:0.2319
2022-06-23 09:06:39,863 - INFO - main.py - train - 58 - 【train】 epoch:3 314/840 loss:0.0542
2022-06-23 09:06:41,063 - INFO - main.py - train - 58 - 【train】 epoch:3 315/840 loss:0.0590
2022-06-23 09:06:42,264 - INFO - main.py - train - 58 - 【train】 epoch:3 316/840 loss:0.0722
2022-06-23 09:06:43,456 - INFO - main.py - train - 58 - 【train】 epoch:3 317/840 loss:0.0935
2022-06-23 09:06:44,647 - INFO - main.py - train - 58 - 【train】 epoch:3 318/840 loss:0.1068
2022-06-23 09:06:45,851 - INFO - main.py - train - 58 - 【train】 epoch:3 319/840 loss:0.0513
2022-06-23 09:06:47,049 - INFO - main.py - train - 58 - 【train】 epoch:3 320/840 loss:0.0699
2022-06-23 09:06:48,261 - INFO - main.py - train - 58 - 【train】 epoch:3 321/840 loss:0.1657
2022-06-23 09:06:49,474 - INFO - main.py - train - 58 - 【train】 epoch:3 322/840 loss:0.1608
2022-06-23 09:06:50,673 - INFO - main.py - train - 58 - 【train】 epoch:3 323/840 loss:0.2699
2022-06-23 09:06:51,867 - INFO - main.py - train - 58 - 【train】 epoch:3 324/840 loss:0.1202
2022-06-23 09:06:53,072 - INFO - main.py - train - 58 - 【train】 epoch:3 325/840 loss:0.1024
2022-06-23 09:06:54,296 - INFO - main.py - train - 58 - 【train】 epoch:3 326/840 loss:0.1052
2022-06-23 09:06:55,504 - INFO - main.py - train - 58 - 【train】 epoch:3 327/840 loss:0.0964
2022-06-23 09:06:56,700 - INFO - main.py - train - 58 - 【train】 epoch:3 328/840 loss:0.1446
2022-06-23 09:06:57,889 - INFO - main.py - train - 58 - 【train】 epoch:3 329/840 loss:0.0486
2022-06-23 09:06:59,083 - INFO - main.py - train - 58 - 【train】 epoch:3 330/840 loss:0.0680
2022-06-23 09:07:00,292 - INFO - main.py - train - 58 - 【train】 epoch:3 331/840 loss:0.0949
2022-06-23 09:07:01,494 - INFO - main.py - train - 58 - 【train】 epoch:3 332/840 loss:0.0906
2022-06-23 09:07:02,695 - INFO - main.py - train - 58 - 【train】 epoch:3 333/840 loss:0.0954
2022-06-23 09:07:03,886 - INFO - main.py - train - 58 - 【train】 epoch:3 334/840 loss:0.1259
2022-06-23 09:07:05,085 - INFO - main.py - train - 58 - 【train】 epoch:3 335/840 loss:0.1581
2022-06-23 09:07:06,282 - INFO - main.py - train - 58 - 【train】 epoch:3 336/840 loss:0.2374
2022-06-23 09:07:07,493 - INFO - main.py - train - 58 - 【train】 epoch:3 337/840 loss:0.2131
2022-06-23 09:07:08,691 - INFO - main.py - train - 58 - 【train】 epoch:3 338/840 loss:0.2452
2022-06-23 09:07:09,900 - INFO - main.py - train - 58 - 【train】 epoch:3 339/840 loss:0.1083
2022-06-23 09:07:11,112 - INFO - main.py - train - 58 - 【train】 epoch:3 340/840 loss:0.0754
2022-06-23 09:07:12,304 - INFO - main.py - train - 58 - 【train】 epoch:3 341/840 loss:0.1160
2022-06-23 09:07:13,493 - INFO - main.py - train - 58 - 【train】 epoch:3 342/840 loss:0.1458
2022-06-23 09:07:14,690 - INFO - main.py - train - 58 - 【train】 epoch:3 343/840 loss:0.1136
2022-06-23 09:07:15,904 - INFO - main.py - train - 58 - 【train】 epoch:3 344/840 loss:0.1989
2022-06-23 09:07:17,092 - INFO - main.py - train - 58 - 【train】 epoch:3 345/840 loss:0.0743
2022-06-23 09:07:18,296 - INFO - main.py - train - 58 - 【train】 epoch:3 346/840 loss:0.1403
2022-06-23 09:07:19,490 - INFO - main.py - train - 58 - 【train】 epoch:3 347/840 loss:0.1627
2022-06-23 09:07:20,673 - INFO - main.py - train - 58 - 【train】 epoch:3 348/840 loss:0.1465
2022-06-23 09:07:21,873 - INFO - main.py - train - 58 - 【train】 epoch:3 349/840 loss:0.1230
2022-06-23 09:07:32,046 - INFO - main.py - train - 65 - [eval] loss:0.0000 precision=0.9486 recall=0.9414 f1_score=0.9450
2022-06-23 09:07:33,245 - INFO - main.py - train - 58 - 【train】 epoch:3 350/840 loss:0.0990
2022-06-23 09:07:34,433 - INFO - main.py - train - 58 - 【train】 epoch:3 351/840 loss:0.1414
2022-06-23 09:07:35,625 - INFO - main.py - train - 58 - 【train】 epoch:3 352/840 loss:0.0630
2022-06-23 09:07:36,816 - INFO - main.py - train - 58 - 【train】 epoch:3 353/840 loss:0.1936
2022-06-23 09:07:38,008 - INFO - main.py - train - 58 - 【train】 epoch:3 354/840 loss:0.1328
2022-06-23 09:07:39,206 - INFO - main.py - train - 58 - 【train】 epoch:3 355/840 loss:0.0689
2022-06-23 09:07:40,403 - INFO - main.py - train - 58 - 【train】 epoch:3 356/840 loss:0.1450
2022-06-23 09:07:41,633 - INFO - main.py - train - 58 - 【train】 epoch:3 357/840 loss:0.0404
2022-06-23 09:07:42,829 - INFO - main.py - train - 58 - 【train】 epoch:3 358/840 loss:0.1915
2022-06-23 09:07:43,345 - INFO - main.py - train - 58 - 【train】 epoch:3 359/840 loss:0.1392
2022-06-23 09:07:44,554 - INFO - main.py - train - 58 - 【train】 epoch:4 360/840 loss:0.1119
2022-06-23 09:07:45,744 - INFO - main.py - train - 58 - 【train】 epoch:4 361/840 loss:0.0644
2022-06-23 09:07:46,946 - INFO - main.py - train - 58 - 【train】 epoch:4 362/840 loss:0.1155
2022-06-23 09:07:48,141 - INFO - main.py - train - 58 - 【train】 epoch:4 363/840 loss:0.0538
2022-06-23 09:07:49,341 - INFO - main.py - train - 58 - 【train】 epoch:4 364/840 loss:0.0641
2022-06-23 09:07:50,547 - INFO - main.py - train - 58 - 【train】 epoch:4 365/840 loss:0.0776
2022-06-23 09:07:51,738 - INFO - main.py - train - 58 - 【train】 epoch:4 366/840 loss:0.0627
2022-06-23 09:07:52,936 - INFO - main.py - train - 58 - 【train】 epoch:4 367/840 loss:0.1265
2022-06-23 09:07:54,148 - INFO - main.py - train - 58 - 【train】 epoch:4 368/840 loss:0.1004
2022-06-23 09:07:55,341 - INFO - main.py - train - 58 - 【train】 epoch:4 369/840 loss:0.0559
2022-06-23 09:07:56,540 - INFO - main.py - train - 58 - 【train】 epoch:4 370/840 loss:0.0800
2022-06-23 09:07:57,748 - INFO - main.py - train - 58 - 【train】 epoch:4 371/840 loss:0.1445
2022-06-23 09:07:58,970 - INFO - main.py - train - 58 - 【train】 epoch:4 372/840 loss:0.0641
2022-06-23 09:08:00,183 - INFO - main.py - train - 58 - 【train】 epoch:4 373/840 loss:0.0898
2022-06-23 09:08:01,398 - INFO - main.py - train - 58 - 【train】 epoch:4 374/840 loss:0.1650
2022-06-23 09:08:02,645 - INFO - main.py - train - 58 - 【train】 epoch:4 375/840 loss:0.0815
2022-06-23 09:08:03,853 - INFO - main.py - train - 58 - 【train】 epoch:4 376/840 loss:0.0744
2022-06-23 09:08:05,067 - INFO - main.py - train - 58 - 【train】 epoch:4 377/840 loss:0.1446
2022-06-23 09:08:06,271 - INFO - main.py - train - 58 - 【train】 epoch:4 378/840 loss:0.1113
2022-06-23 09:08:07,476 - INFO - main.py - train - 58 - 【train】 epoch:4 379/840 loss:0.1301
2022-06-23 09:08:08,678 - INFO - main.py - train - 58 - 【train】 epoch:4 380/840 loss:0.1027
2022-06-23 09:08:09,893 - INFO - main.py - train - 58 - 【train】 epoch:4 381/840 loss:0.0718
2022-06-23 09:08:11,126 - INFO - main.py - train - 58 - 【train】 epoch:4 382/840 loss:0.1655
2022-06-23 09:08:12,336 - INFO - main.py - train - 58 - 【train】 epoch:4 383/840 loss:0.0711
2022-06-23 09:08:13,552 - INFO - main.py - train - 58 - 【train】 epoch:4 384/840 loss:0.0935
2022-06-23 09:08:14,751 - INFO - main.py - train - 58 - 【train】 epoch:4 385/840 loss:0.0925
2022-06-23 09:08:15,971 - INFO - main.py - train - 58 - 【train】 epoch:4 386/840 loss:0.0592
2022-06-23 09:08:17,185 - INFO - main.py - train - 58 - 【train】 epoch:4 387/840 loss:0.1149
2022-06-23 09:08:18,387 - INFO - main.py - train - 58 - 【train】 epoch:4 388/840 loss:0.0469
2022-06-23 09:08:19,592 - INFO - main.py - train - 58 - 【train】 epoch:4 389/840 loss:0.2281
2022-06-23 09:08:20,837 - INFO - main.py - train - 58 - 【train】 epoch:4 390/840 loss:0.0488
2022-06-23 09:08:22,076 - INFO - main.py - train - 58 - 【train】 epoch:4 391/840 loss:0.0304
2022-06-23 09:08:23,336 - INFO - main.py - train - 58 - 【train】 epoch:4 392/840 loss:0.1197
2022-06-23 09:08:24,582 - INFO - main.py - train - 58 - 【train】 epoch:4 393/840 loss:0.0294
2022-06-23 09:08:25,795 - INFO - main.py - train - 58 - 【train】 epoch:4 394/840 loss:0.0954
2022-06-23 09:08:27,009 - INFO - main.py - train - 58 - 【train】 epoch:4 395/840 loss:0.0579
2022-06-23 09:08:28,226 - INFO - main.py - train - 58 - 【train】 epoch:4 396/840 loss:0.1202
2022-06-23 09:08:29,439 - INFO - main.py - train - 58 - 【train】 epoch:4 397/840 loss:0.0603
2022-06-23 09:08:30,648 - INFO - main.py - train - 58 - 【train】 epoch:4 398/840 loss:0.0690
2022-06-23 09:08:31,880 - INFO - main.py - train - 58 - 【train】 epoch:4 399/840 loss:0.0303
2022-06-23 09:08:42,591 - INFO - main.py - train - 65 - [eval] loss:0.0000 precision=0.9391 recall=0.9427 f1_score=0.9409
2022-06-23 09:08:43,815 - INFO - main.py - train - 58 - 【train】 epoch:4 400/840 loss:0.1439
2022-06-23 09:08:45,020 - INFO - main.py - train - 58 - 【train】 epoch:4 401/840 loss:0.0899
2022-06-23 09:08:46,224 - INFO - main.py - train - 58 - 【train】 epoch:4 402/840 loss:0.0613
2022-06-23 09:08:47,441 - INFO - main.py - train - 58 - 【train】 epoch:4 403/840 loss:0.1882
2022-06-23 09:08:48,652 - INFO - main.py - train - 58 - 【train】 epoch:4 404/840 loss:0.0744
2022-06-23 09:08:49,859 - INFO - main.py - train - 58 - 【train】 epoch:4 405/840 loss:0.0919
2022-06-23 09:08:51,071 - INFO - main.py - train - 58 - 【train】 epoch:4 406/840 loss:0.0556
2022-06-23 09:08:52,271 - INFO - main.py - train - 58 - 【train】 epoch:4 407/840 loss:0.0386
2022-06-23 09:08:53,468 - INFO - main.py - train - 58 - 【train】 epoch:4 408/840 loss:0.0641
2022-06-23 09:08:54,679 - INFO - main.py - train - 58 - 【train】 epoch:4 409/840 loss:0.1968
2022-06-23 09:08:55,884 - INFO - main.py - train - 58 - 【train】 epoch:4 410/840 loss:0.1600
2022-06-23 09:08:57,467 - INFO - main.py - train - 58 - 【train】 epoch:4 411/840 loss:0.0870
2022-06-23 09:08:59,121 - INFO - main.py - train - 58 - 【train】 epoch:4 412/840 loss:0.1079
2022-06-23 09:09:00,501 - INFO - main.py - train - 58 - 【train】 epoch:4 413/840 loss:0.0274
2022-06-23 09:09:01,702 - INFO - main.py - train - 58 - 【train】 epoch:4 414/840 loss:0.0501
2022-06-23 09:09:02,914 - INFO - main.py - train - 58 - 【train】 epoch:4 415/840 loss:0.1437
2022-06-23 09:09:04,125 - INFO - main.py - train - 58 - 【train】 epoch:4 416/840 loss:0.1301
2022-06-23 09:09:05,333 - INFO - main.py - train - 58 - 【train】 epoch:4 417/840 loss:0.1193
2022-06-23 09:09:06,537 - INFO - main.py - train - 58 - 【train】 epoch:4 418/840 loss:0.0919
2022-06-23 09:09:07,748 - INFO - main.py - train - 58 - 【train】 epoch:4 419/840 loss:0.0622
2022-06-23 09:09:08,988 - INFO - main.py - train - 58 - 【train】 epoch:4 420/840 loss:0.2101
2022-06-23 09:09:10,225 - INFO - main.py - train - 58 - 【train】 epoch:4 421/840 loss:0.0585
2022-06-23 09:09:11,465 - INFO - main.py - train - 58 - 【train】 epoch:4 422/840 loss:0.0789
2022-06-23 09:09:12,694 - INFO - main.py - train - 58 - 【train】 epoch:4 423/840 loss:0.0711
2022-06-23 09:09:13,917 - INFO - main.py - train - 58 - 【train】 epoch:4 424/840 loss:0.0988
2022-06-23 09:09:15,155 - INFO - main.py - train - 58 - 【train】 epoch:4 425/840 loss:0.1054
2022-06-23 09:09:16,394 - INFO - main.py - train - 58 - 【train】 epoch:4 426/840 loss:0.0901
2022-06-23 09:09:17,619 - INFO - main.py - train - 58 - 【train】 epoch:4 427/840 loss:0.0478
2022-06-23 09:09:18,840 - INFO - main.py - train - 58 - 【train】 epoch:4 428/840 loss:0.0923
2022-06-23 09:09:20,066 - INFO - main.py - train - 58 - 【train】 epoch:4 429/840 loss:0.0437
2022-06-23 09:09:21,326 - INFO - main.py - train - 58 - 【train】 epoch:4 430/840 loss:0.0959
2022-06-23 09:09:22,594 - INFO - main.py - train - 58 - 【train】 epoch:4 431/840 loss:0.1460
2022-06-23 09:09:23,850 - INFO - main.py - train - 58 - 【train】 epoch:4 432/840 loss:0.0637
2022-06-23 09:09:25,105 - INFO - main.py - train - 58 - 【train】 epoch:4 433/840 loss:0.2509
2022-06-23 09:09:26,337 - INFO - main.py - train - 58 - 【train】 epoch:4 434/840 loss:0.0478
2022-06-23 09:09:27,594 - INFO - main.py - train - 58 - 【train】 epoch:4 435/840 loss:0.1740
2022-06-23 09:09:28,846 - INFO - main.py - train - 58 - 【train】 epoch:4 436/840 loss:0.0629
2022-06-23 09:09:30,105 - INFO - main.py - train - 58 - 【train】 epoch:4 437/840 loss:0.1386
2022-06-23 09:09:31,366 - INFO - main.py - train - 58 - 【train】 epoch:4 438/840 loss:0.1735
2022-06-23 09:09:32,622 - INFO - main.py - train - 58 - 【train】 epoch:4 439/840 loss:0.1190
2022-06-23 09:09:33,865 - INFO - main.py - train - 58 - 【train】 epoch:4 440/840 loss:0.0533
2022-06-23 09:09:35,091 - INFO - main.py - train - 58 - 【train】 epoch:4 441/840 loss:0.0452
2022-06-23 09:09:36,335 - INFO - main.py - train - 58 - 【train】 epoch:4 442/840 loss:0.0644
2022-06-23 09:09:37,593 - INFO - main.py - train - 58 - 【train】 epoch:4 443/840 loss:0.0602
2022-06-23 09:09:38,835 - INFO - main.py - train - 58 - 【train】 epoch:4 444/840 loss:0.0835
2022-06-23 09:09:40,071 - INFO - main.py - train - 58 - 【train】 epoch:4 445/840 loss:0.1354
2022-06-23 09:09:41,299 - INFO - main.py - train - 58 - 【train】 epoch:4 446/840 loss:0.0573
2022-06-23 09:09:42,519 - INFO - main.py - train - 58 - 【train】 epoch:4 447/840 loss:0.0634
2022-06-23 09:09:43,755 - INFO - main.py - train - 58 - 【train】 epoch:4 448/840 loss:0.0767
2022-06-23 09:09:45,001 - INFO - main.py - train - 58 - 【train】 epoch:4 449/840 loss:0.2840
2022-06-23 09:09:55,962 - INFO - main.py - train - 65 - [eval] loss:0.0000 precision=0.9440 recall=0.9452 f1_score=0.9446
2022-06-23 09:09:57,194 - INFO - main.py - train - 58 - 【train】 epoch:4 450/840 loss:0.1000
2022-06-23 09:09:58,413 - INFO - main.py - train - 58 - 【train】 epoch:4 451/840 loss:0.0761
2022-06-23 09:09:59,629 - INFO - main.py - train - 58 - 【train】 epoch:4 452/840 loss:0.0874
2022-06-23 09:10:00,849 - INFO - main.py - train - 58 - 【train】 epoch:4 453/840 loss:0.1068
2022-06-23 09:10:02,069 - INFO - main.py - train - 58 - 【train】 epoch:4 454/840 loss:0.1146
2022-06-23 09:10:03,289 - INFO - main.py - train - 58 - 【train】 epoch:4 455/840 loss:0.1389
2022-06-23 09:10:04,503 - INFO - main.py - train - 58 - 【train】 epoch:4 456/840 loss:0.0944
2022-06-23 09:10:05,716 - INFO - main.py - train - 58 - 【train】 epoch:4 457/840 loss:0.0290
2022-06-23 09:10:06,945 - INFO - main.py - train - 58 - 【train】 epoch:4 458/840 loss:0.1006
2022-06-23 09:10:08,195 - INFO - main.py - train - 58 - 【train】 epoch:4 459/840 loss:0.0325
2022-06-23 09:10:09,428 - INFO - main.py - train - 58 - 【train】 epoch:4 460/840 loss:0.0556
2022-06-23 09:10:10,656 - INFO - main.py - train - 58 - 【train】 epoch:4 461/840 loss:0.0509
2022-06-23 09:10:11,877 - INFO - main.py - train - 58 - 【train】 epoch:4 462/840 loss:0.1319
2022-06-23 09:10:13,097 - INFO - main.py - train - 58 - 【train】 epoch:4 463/840 loss:0.1195
2022-06-23 09:10:14,351 - INFO - main.py - train - 58 - 【train】 epoch:4 464/840 loss:0.0336
2022-06-23 09:10:15,579 - INFO - main.py - train - 58 - 【train】 epoch:4 465/840 loss:0.0931
2022-06-23 09:10:16,800 - INFO - main.py - train - 58 - 【train】 epoch:4 466/840 loss:0.1088
2022-06-23 09:10:18,028 - INFO - main.py - train - 58 - 【train】 epoch:4 467/840 loss:0.0479
2022-06-23 09:10:19,254 - INFO - main.py - train - 58 - 【train】 epoch:4 468/840 loss:0.1048
2022-06-23 09:10:20,513 - INFO - main.py - train - 58 - 【train】 epoch:4 469/840 loss:0.0737
2022-06-23 09:10:21,756 - INFO - main.py - train - 58 - 【train】 epoch:4 470/840 loss:0.1171
2022-06-23 09:10:22,971 - INFO - main.py - train - 58 - 【train】 epoch:4 471/840 loss:0.0690
2022-06-23 09:10:24,187 - INFO - main.py - train - 58 - 【train】 epoch:4 472/840 loss:0.0365
2022-06-23 09:10:25,401 - INFO - main.py - train - 58 - 【train】 epoch:4 473/840 loss:0.0182
2022-06-23 09:10:26,631 - INFO - main.py - train - 58 - 【train】 epoch:4 474/840 loss:0.0675
2022-06-23 09:10:27,871 - INFO - main.py - train - 58 - 【train】 epoch:4 475/840 loss:0.1426
2022-06-23 09:10:29,109 - INFO - main.py - train - 58 - 【train】 epoch:4 476/840 loss:0.0407
2022-06-23 09:10:30,328 - INFO - main.py - train - 58 - 【train】 epoch:4 477/840 loss:0.1044
2022-06-23 09:10:31,563 - INFO - main.py - train - 58 - 【train】 epoch:4 478/840 loss:0.0458
2022-06-23 09:10:32,095 - INFO - main.py - train - 58 - 【train】 epoch:4 479/840 loss:0.0146
2022-06-23 09:10:33,319 - INFO - main.py - train - 58 - 【train】 epoch:5 480/840 loss:0.1281
2022-06-23 09:10:34,538 - INFO - main.py - train - 58 - 【train】 epoch:5 481/840 loss:0.0497
2022-06-23 09:10:35,769 - INFO - main.py - train - 58 - 【train】 epoch:5 482/840 loss:0.0542
2022-06-23 09:10:36,983 - INFO - main.py - train - 58 - 【train】 epoch:5 483/840 loss:0.0300
2022-06-23 09:10:38,201 - INFO - main.py - train - 58 - 【train】 epoch:5 484/840 loss:0.0435
2022-06-23 09:10:39,417 - INFO - main.py - train - 58 - 【train】 epoch:5 485/840 loss:0.0333
2022-06-23 09:10:40,643 - INFO - main.py - train - 58 - 【train】 epoch:5 486/840 loss:0.0517
2022-06-23 09:10:41,861 - INFO - main.py - train - 58 - 【train】 epoch:5 487/840 loss:0.0420
2022-06-23 09:10:43,106 - INFO - main.py - train - 58 - 【train】 epoch:5 488/840 loss:0.0564
2022-06-23 09:10:44,322 - INFO - main.py - train - 58 - 【train】 epoch:5 489/840 loss:0.0558
2022-06-23 09:10:45,537 - INFO - main.py - train - 58 - 【train】 epoch:5 490/840 loss:0.0846
2022-06-23 09:10:46,750 - INFO - main.py - train - 58 - 【train】 epoch:5 491/840 loss:0.0612
2022-06-23 09:10:47,974 - INFO - main.py - train - 58 - 【train】 epoch:5 492/840 loss:0.0330
2022-06-23 09:10:49,217 - INFO - main.py - train - 58 - 【train】 epoch:5 493/840 loss:0.0594
2022-06-23 09:10:50,424 - INFO - main.py - train - 58 - 【train】 epoch:5 494/840 loss:0.0799
2022-06-23 09:10:51,663 - INFO - main.py - train - 58 - 【train】 epoch:5 495/840 loss:0.1065
2022-06-23 09:10:52,872 - INFO - main.py - train - 58 - 【train】 epoch:5 496/840 loss:0.0896
2022-06-23 09:10:54,079 - INFO - main.py - train - 58 - 【train】 epoch:5 497/840 loss:0.1149
2022-06-23 09:10:55,299 - INFO - main.py - train - 58 - 【train】 epoch:5 498/840 loss:0.0897
2022-06-23 09:10:56,491 - INFO - main.py - train - 58 - 【train】 epoch:5 499/840 loss:0.0967
2022-06-23 09:11:06,798 - INFO - main.py - train - 65 - [eval] loss:0.0000 precision=0.9622 recall=0.9446 f1_score=0.9533
2022-06-23 09:11:06,799 - INFO - train_utils.py - save_model - 77 - Saving model checkpoint to ./checkpoints/bert-1-eff
2022-06-23 09:11:09,357 - INFO - main.py - train - 58 - 【train】 epoch:5 500/840 loss:0.0463
2022-06-23 09:11:10,571 - INFO - main.py - train - 58 - 【train】 epoch:5 501/840 loss:0.0742
2022-06-23 09:11:11,761 - INFO - main.py - train - 58 - 【train】 epoch:5 502/840 loss:0.0440
2022-06-23 09:11:12,960 - INFO - main.py - train - 58 - 【train】 epoch:5 503/840 loss:0.0753
2022-06-23 09:11:14,152 - INFO - main.py - train - 58 - 【train】 epoch:5 504/840 loss:0.0467
2022-06-23 09:11:15,346 - INFO - main.py - train - 58 - 【train】 epoch:5 505/840 loss:0.0952
2022-06-23 09:11:16,553 - INFO - main.py - train - 58 - 【train】 epoch:5 506/840 loss:0.0494
2022-06-23 09:11:17,944 - INFO - main.py - train - 58 - 【train】 epoch:5 507/840 loss:0.0537
2022-06-23 09:11:19,306 - INFO - main.py - train - 58 - 【train】 epoch:5 508/840 loss:0.0392
2022-06-23 09:11:20,685 - INFO - main.py - train - 58 - 【train】 epoch:5 509/840 loss:0.0713
2022-06-23 09:11:21,918 - INFO - main.py - train - 58 - 【train】 epoch:5 510/840 loss:0.0527
2022-06-23 09:11:23,107 - INFO - main.py - train - 58 - 【train】 epoch:5 511/840 loss:0.0416
2022-06-23 09:11:24,298 - INFO - main.py - train - 58 - 【train】 epoch:5 512/840 loss:0.0269
2022-06-23 09:11:25,497 - INFO - main.py - train - 58 - 【train】 epoch:5 513/840 loss:0.0376
2022-06-23 09:11:26,700 - INFO - main.py - train - 58 - 【train】 epoch:5 514/840 loss:0.0346
2022-06-23 09:11:27,903 - INFO - main.py - train - 58 - 【train】 epoch:5 515/840 loss:0.0902
2022-06-23 09:11:29,108 - INFO - main.py - train - 58 - 【train】 epoch:5 516/840 loss:0.0396
2022-06-23 09:11:30,315 - INFO - main.py - train - 58 - 【train】 epoch:5 517/840 loss:0.0201
2022-06-23 09:11:31,535 - INFO - main.py - train - 58 - 【train】 epoch:5 518/840 loss:0.0473
2022-06-23 09:11:32,724 - INFO - main.py - train - 58 - 【train】 epoch:5 519/840 loss:0.0475
2022-06-23 09:11:33,932 - INFO - main.py - train - 58 - 【train】 epoch:5 520/840 loss:0.1345
2022-06-23 09:11:35,172 - INFO - main.py - train - 58 - 【train】 epoch:5 521/840 loss:0.1157
2022-06-23 09:11:36,381 - INFO - main.py - train - 58 - 【train】 epoch:5 522/840 loss:0.0385
2022-06-23 09:11:37,601 - INFO - main.py - train - 58 - 【train】 epoch:5 523/840 loss:0.0638
2022-06-23 09:11:38,801 - INFO - main.py - train - 58 - 【train】 epoch:5 524/840 loss:0.0325
2022-06-23 09:11:40,011 - INFO - main.py - train - 58 - 【train】 epoch:5 525/840 loss:0.0397
2022-06-23 09:11:41,218 - INFO - main.py - train - 58 - 【train】 epoch:5 526/840 loss:0.0230
2022-06-23 09:11:42,421 - INFO - main.py - train - 58 - 【train】 epoch:5 527/840 loss:0.0571
2022-06-23 09:11:43,616 - INFO - main.py - train - 58 - 【train】 epoch:5 528/840 loss:0.0208
2022-06-23 09:11:44,816 - INFO - main.py - train - 58 - 【train】 epoch:5 529/840 loss:0.0989
2022-06-23 09:11:46,041 - INFO - main.py - train - 58 - 【train】 epoch:5 530/840 loss:0.0737
2022-06-23 09:11:47,260 - INFO - main.py - train - 58 - 【train】 epoch:5 531/840 loss:0.0419
2022-06-23 09:11:48,483 - INFO - main.py - train - 58 - 【train】 epoch:5 532/840 loss:0.0131
2022-06-23 09:11:49,706 - INFO - main.py - train - 58 - 【train】 epoch:5 533/840 loss:0.0713
2022-06-23 09:11:50,913 - INFO - main.py - train - 58 - 【train】 epoch:5 534/840 loss:0.0972
2022-06-23 09:11:52,129 - INFO - main.py - train - 58 - 【train】 epoch:5 535/840 loss:0.0375
2022-06-23 09:11:53,353 - INFO - main.py - train - 58 - 【train】 epoch:5 536/840 loss:0.1187
2022-06-23 09:11:54,564 - INFO - main.py - train - 58 - 【train】 epoch:5 537/840 loss:0.0847
2022-06-23 09:11:55,773 - INFO - main.py - train - 58 - 【train】 epoch:5 538/840 loss:0.0388
2022-06-23 09:11:56,971 - INFO - main.py - train - 58 - 【train】 epoch:5 539/840 loss:0.0811
2022-06-23 09:11:58,176 - INFO - main.py - train - 58 - 【train】 epoch:5 540/840 loss:0.0323
2022-06-23 09:11:59,381 - INFO - main.py - train - 58 - 【train】 epoch:5 541/840 loss:0.0376
2022-06-23 09:12:00,587 - INFO - main.py - train - 58 - 【train】 epoch:5 542/840 loss:0.1208
2022-06-23 09:12:01,786 - INFO - main.py - train - 58 - 【train】 epoch:5 543/840 loss:0.0797
2022-06-23 09:12:02,980 - INFO - main.py - train - 58 - 【train】 epoch:5 544/840 loss:0.0646
2022-06-23 09:12:04,180 - INFO - main.py - train - 58 - 【train】 epoch:5 545/840 loss:0.0590
2022-06-23 09:12:05,382 - INFO - main.py - train - 58 - 【train】 epoch:5 546/840 loss:0.0470
2022-06-23 09:12:06,582 - INFO - main.py - train - 58 - 【train】 epoch:5 547/840 loss:0.0325
2022-06-23 09:12:07,784 - INFO - main.py - train - 58 - 【train】 epoch:5 548/840 loss:0.0411
2022-06-23 09:12:08,972 - INFO - main.py - train - 58 - 【train】 epoch:5 549/840 loss:0.0729
2022-06-23 09:12:19,115 - INFO - main.py - train - 65 - [eval] loss:0.0000 precision=0.9618 recall=0.9509 f1_score=0.9563
2022-06-23 09:12:19,116 - INFO - train_utils.py - save_model - 77 - Saving model checkpoint to ./checkpoints/bert-1-eff
2022-06-23 09:12:21,568 - INFO - main.py - train - 58 - 【train】 epoch:5 550/840 loss:0.0456
2022-06-23 09:12:22,774 - INFO - main.py - train - 58 - 【train】 epoch:5 551/840 loss:0.0618
2022-06-23 09:12:23,977 - INFO - main.py - train - 58 - 【train】 epoch:5 552/840 loss:0.0624
2022-06-23 09:12:25,205 - INFO - main.py - train - 58 - 【train】 epoch:5 553/840 loss:0.0282
2022-06-23 09:12:26,390 - INFO - main.py - train - 58 - 【train】 epoch:5 554/840 loss:0.0193
2022-06-23 09:12:27,579 - INFO - main.py - train - 58 - 【train】 epoch:5 555/840 loss:0.0410
2022-06-23 09:12:28,943 - INFO - main.py - train - 58 - 【train】 epoch:5 556/840 loss:0.0521
2022-06-23 09:12:30,342 - INFO - main.py - train - 58 - 【train】 epoch:5 557/840 loss:0.0283
2022-06-23 09:12:31,563 - INFO - main.py - train - 58 - 【train】 epoch:5 558/840 loss:0.1519
2022-06-23 09:12:32,761 - INFO - main.py - train - 58 - 【train】 epoch:5 559/840 loss:0.0896
2022-06-23 09:12:33,971 - INFO - main.py - train - 58 - 【train】 epoch:5 560/840 loss:0.1094
2022-06-23 09:12:35,185 - INFO - main.py - train - 58 - 【train】 epoch:5 561/840 loss:0.0679
2022-06-23 09:12:36,430 - INFO - main.py - train - 58 - 【train】 epoch:5 562/840 loss:0.0678
2022-06-23 09:12:37,627 - INFO - main.py - train - 58 - 【train】 epoch:5 563/840 loss:0.1603
2022-06-23 09:12:38,840 - INFO - main.py - train - 58 - 【train】 epoch:5 564/840 loss:0.0388
2022-06-23 09:12:40,036 - INFO - main.py - train - 58 - 【train】 epoch:5 565/840 loss:0.0350
2022-06-23 09:12:41,242 - INFO - main.py - train - 58 - 【train】 epoch:5 566/840 loss:0.0723
2022-06-23 09:12:42,448 - INFO - main.py - train - 58 - 【train】 epoch:5 567/840 loss:0.0707
2022-06-23 09:12:43,646 - INFO - main.py - train - 58 - 【train】 epoch:5 568/840 loss:0.0283
2022-06-23 09:12:44,846 - INFO - main.py - train - 58 - 【train】 epoch:5 569/840 loss:0.0280
2022-06-23 09:12:46,054 - INFO - main.py - train - 58 - 【train】 epoch:5 570/840 loss:0.0139
2022-06-23 09:12:47,280 - INFO - main.py - train - 58 - 【train】 epoch:5 571/840 loss:0.1108
2022-06-23 09:12:48,494 - INFO - main.py - train - 58 - 【train】 epoch:5 572/840 loss:0.0525
2022-06-23 09:12:49,710 - INFO - main.py - train - 58 - 【train】 epoch:5 573/840 loss:0.0512
2022-06-23 09:12:50,909 - INFO - main.py - train - 58 - 【train】 epoch:5 574/840 loss:0.0571
2022-06-23 09:12:52,125 - INFO - main.py - train - 58 - 【train】 epoch:5 575/840 loss:0.0752
2022-06-23 09:12:53,344 - INFO - main.py - train - 58 - 【train】 epoch:5 576/840 loss:0.0732
2022-06-23 09:12:54,558 - INFO - main.py - train - 58 - 【train】 epoch:5 577/840 loss:0.0500
2022-06-23 09:12:55,772 - INFO - main.py - train - 58 - 【train】 epoch:5 578/840 loss:0.1545
2022-06-23 09:12:56,963 - INFO - main.py - train - 58 - 【train】 epoch:5 579/840 loss:0.0618
2022-06-23 09:12:58,170 - INFO - main.py - train - 58 - 【train】 epoch:5 580/840 loss:0.0788
2022-06-23 09:12:59,371 - INFO - main.py - train - 58 - 【train】 epoch:5 581/840 loss:0.0400
2022-06-23 09:13:00,586 - INFO - main.py - train - 58 - 【train】 epoch:5 582/840 loss:0.0825
2022-06-23 09:13:01,804 - INFO - main.py - train - 58 - 【train】 epoch:5 583/840 loss:0.0443
2022-06-23 09:13:03,006 - INFO - main.py - train - 58 - 【train】 epoch:5 584/840 loss:0.0977
2022-06-23 09:13:04,212 - INFO - main.py - train - 58 - 【train】 epoch:5 585/840 loss:0.0585
2022-06-23 09:13:05,415 - INFO - main.py - train - 58 - 【train】 epoch:5 586/840 loss:0.1194
2022-06-23 09:13:06,626 - INFO - main.py - train - 58 - 【train】 epoch:5 587/840 loss:0.0327
2022-06-23 09:13:07,833 - INFO - main.py - train - 58 - 【train】 epoch:5 588/840 loss:0.0424
2022-06-23 09:13:09,043 - INFO - main.py - train - 58 - 【train】 epoch:5 589/840 loss:0.0796
2022-06-23 09:13:10,262 - INFO - main.py - train - 58 - 【train】 epoch:5 590/840 loss:0.0622
2022-06-23 09:13:11,468 - INFO - main.py - train - 58 - 【train】 epoch:5 591/840 loss:0.0332
2022-06-23 09:13:12,680 - INFO - main.py - train - 58 - 【train】 epoch:5 592/840 loss:0.0248
2022-06-23 09:13:13,888 - INFO - main.py - train - 58 - 【train】 epoch:5 593/840 loss:0.0576
2022-06-23 09:13:15,096 - INFO - main.py - train - 58 - 【train】 epoch:5 594/840 loss:0.0396
2022-06-23 09:13:16,301 - INFO - main.py - train - 58 - 【train】 epoch:5 595/840 loss:0.0732
2022-06-23 09:13:17,500 - INFO - main.py - train - 58 - 【train】 epoch:5 596/840 loss:0.0311
2022-06-23 09:13:18,696 - INFO - main.py - train - 58 - 【train】 epoch:5 597/840 loss:0.1303
2022-06-23 09:13:19,911 - INFO - main.py - train - 58 - 【train】 epoch:5 598/840 loss:0.1038
2022-06-23 09:13:20,428 - INFO - main.py - train - 58 - 【train】 epoch:5 599/840 loss:0.0394
2022-06-23 09:13:30,714 - INFO - main.py - train - 65 - [eval] loss:0.0000 precision=0.9557 recall=0.9635 f1_score=0.9595
2022-06-23 09:13:30,714 - INFO - train_utils.py - save_model - 77 - Saving model checkpoint to ./checkpoints/bert-1-eff
2022-06-23 09:13:33,288 - INFO - main.py - train - 58 - 【train】 epoch:6 600/840 loss:0.0256
2022-06-23 09:13:34,489 - INFO - main.py - train - 58 - 【train】 epoch:6 601/840 loss:0.0135
2022-06-23 09:13:35,675 - INFO - main.py - train - 58 - 【train】 epoch:6 602/840 loss:0.0239
2022-06-23 09:13:36,868 - INFO - main.py - train - 58 - 【train】 epoch:6 603/840 loss:0.0419
2022-06-23 09:13:38,060 - INFO - main.py - train - 58 - 【train】 epoch:6 604/840 loss:0.0327
2022-06-23 09:13:39,265 - INFO - main.py - train - 58 - 【train】 epoch:6 605/840 loss:0.0232
2022-06-23 09:13:40,476 - INFO - main.py - train - 58 - 【train】 epoch:6 606/840 loss:0.0219
2022-06-23 09:13:41,696 - INFO - main.py - train - 58 - 【train】 epoch:6 607/840 loss:0.0360
2022-06-23 09:13:42,982 - INFO - main.py - train - 58 - 【train】 epoch:6 608/840 loss:0.0283
2022-06-23 09:13:44,267 - INFO - main.py - train - 58 - 【train】 epoch:6 609/840 loss:0.0191
2022-06-23 09:13:45,530 - INFO - main.py - train - 58 - 【train】 epoch:6 610/840 loss:0.0576
2022-06-23 09:13:46,766 - INFO - main.py - train - 58 - 【train】 epoch:6 611/840 loss:0.0225
2022-06-23 09:13:48,046 - INFO - main.py - train - 58 - 【train】 epoch:6 612/840 loss:0.0215
2022-06-23 09:13:49,274 - INFO - main.py - train - 58 - 【train】 epoch:6 613/840 loss:0.0116
2022-06-23 09:13:50,505 - INFO - main.py - train - 58 - 【train】 epoch:6 614/840 loss:0.0415
2022-06-23 09:13:51,753 - INFO - main.py - train - 58 - 【train】 epoch:6 615/840 loss:0.0348
2022-06-23 09:13:53,000 - INFO - main.py - train - 58 - 【train】 epoch:6 616/840 loss:0.0499
2022-06-23 09:13:54,285 - INFO - main.py - train - 58 - 【train】 epoch:6 617/840 loss:0.0237
2022-06-23 09:13:55,916 - INFO - main.py - train - 58 - 【train】 epoch:6 618/840 loss:0.1019
2022-06-23 09:13:57,598 - INFO - main.py - train - 58 - 【train】 epoch:6 619/840 loss:0.0485
2022-06-23 09:13:58,811 - INFO - main.py - train - 58 - 【train】 epoch:6 620/840 loss:0.1412
2022-06-23 09:14:00,024 - INFO - main.py - train - 58 - 【train】 epoch:6 621/840 loss:0.0633
2022-06-23 09:14:01,224 - INFO - main.py - train - 58 - 【train】 epoch:6 622/840 loss:0.1649
2022-06-23 09:14:02,422 - INFO - main.py - train - 58 - 【train】 epoch:6 623/840 loss:0.0518
2022-06-23 09:14:03,645 - INFO - main.py - train - 58 - 【train】 epoch:6 624/840 loss:0.0201
2022-06-23 09:14:04,854 - INFO - main.py - train - 58 - 【train】 epoch:6 625/840 loss:0.0848
2022-06-23 09:14:06,062 - INFO - main.py - train - 58 - 【train】 epoch:6 626/840 loss:0.0294
2022-06-23 09:14:07,272 - INFO - main.py - train - 58 - 【train】 epoch:6 627/840 loss:0.0472
2022-06-23 09:14:08,477 - INFO - main.py - train - 58 - 【train】 epoch:6 628/840 loss:0.0845
2022-06-23 09:14:09,672 - INFO - main.py - train - 58 - 【train】 epoch:6 629/840 loss:0.0463
2022-06-23 09:14:10,881 - INFO - main.py - train - 58 - 【train】 epoch:6 630/840 loss:0.0577
2022-06-23 09:14:12,088 - INFO - main.py - train - 58 - 【train】 epoch:6 631/840 loss:0.0410
2022-06-23 09:14:13,307 - INFO - main.py - train - 58 - 【train】 epoch:6 632/840 loss:0.0165
2022-06-23 09:14:14,524 - INFO - main.py - train - 58 - 【train】 epoch:6 633/840 loss:0.0517
2022-06-23 09:14:15,734 - INFO - main.py - train - 58 - 【train】 epoch:6 634/840 loss:0.0208
2022-06-23 09:14:16,938 - INFO - main.py - train - 58 - 【train】 epoch:6 635/840 loss:0.0219
2022-06-23 09:14:18,161 - INFO - main.py - train - 58 - 【train】 epoch:6 636/840 loss:0.0180
2022-06-23 09:14:19,375 - INFO - main.py - train - 58 - 【train】 epoch:6 637/840 loss:0.0187
2022-06-23 09:14:20,571 - INFO - main.py - train - 58 - 【train】 epoch:6 638/840 loss:0.0182
2022-06-23 09:14:21,764 - INFO - main.py - train - 58 - 【train】 epoch:6 639/840 loss:0.0535
2022-06-23 09:14:22,963 - INFO - main.py - train - 58 - 【train】 epoch:6 640/840 loss:0.0192
2022-06-23 09:14:24,177 - INFO - main.py - train - 58 - 【train】 epoch:6 641/840 loss:0.0797
2022-06-23 09:14:25,389 - INFO - main.py - train - 58 - 【train】 epoch:6 642/840 loss:0.0242
2022-06-23 09:14:26,601 - INFO - main.py - train - 58 - 【train】 epoch:6 643/840 loss:0.0471
2022-06-23 09:14:27,800 - INFO - main.py - train - 58 - 【train】 epoch:6 644/840 loss:0.0450
2022-06-23 09:14:28,998 - INFO - main.py - train - 58 - 【train】 epoch:6 645/840 loss:0.0424
2022-06-23 09:14:30,201 - INFO - main.py - train - 58 - 【train】 epoch:6 646/840 loss:0.0610
2022-06-23 09:14:31,411 - INFO - main.py - train - 58 - 【train】 epoch:6 647/840 loss:0.0538
2022-06-23 09:14:32,620 - INFO - main.py - train - 58 - 【train】 epoch:6 648/840 loss:0.0374
2022-06-23 09:14:33,820 - INFO - main.py - train - 58 - 【train】 epoch:6 649/840 loss:0.0559
2022-06-23 09:14:44,092 - INFO - main.py - train - 65 - [eval] loss:0.0000 precision=0.9539 recall=0.9647 f1_score=0.9593
2022-06-23 09:14:45,284 - INFO - main.py - train - 58 - 【train】 epoch:6 650/840 loss:0.0241
2022-06-23 09:14:46,488 - INFO - main.py - train - 58 - 【train】 epoch:6 651/840 loss:0.0220
2022-06-23 09:14:47,688 - INFO - main.py - train - 58 - 【train】 epoch:6 652/840 loss:0.0269
2022-06-23 09:14:48,891 - INFO - main.py - train - 58 - 【train】 epoch:6 653/840 loss:0.0572
2022-06-23 09:14:50,090 - INFO - main.py - train - 58 - 【train】 epoch:6 654/840 loss:0.0178
2022-06-23 09:14:51,285 - INFO - main.py - train - 58 - 【train】 epoch:6 655/840 loss:0.0508
2022-06-23 09:14:52,478 - INFO - main.py - train - 58 - 【train】 epoch:6 656/840 loss:0.0987
2022-06-23 09:14:53,685 - INFO - main.py - train - 58 - 【train】 epoch:6 657/840 loss:0.0185
2022-06-23 09:14:54,895 - INFO - main.py - train - 58 - 【train】 epoch:6 658/840 loss:0.0445
2022-06-23 09:14:56,101 - INFO - main.py - train - 58 - 【train】 epoch:6 659/840 loss:0.0341
2022-06-23 09:14:57,297 - INFO - main.py - train - 58 - 【train】 epoch:6 660/840 loss:0.0157
2022-06-23 09:14:58,489 - INFO - main.py - train - 58 - 【train】 epoch:6 661/840 loss:0.0167
2022-06-23 09:14:59,676 - INFO - main.py - train - 58 - 【train】 epoch:6 662/840 loss:0.0205
2022-06-23 09:15:00,887 - INFO - main.py - train - 58 - 【train】 epoch:6 663/840 loss:0.1283
2022-06-23 09:15:02,098 - INFO - main.py - train - 58 - 【train】 epoch:6 664/840 loss:0.0287
2022-06-23 09:15:03,311 - INFO - main.py - train - 58 - 【train】 epoch:6 665/840 loss:0.0661
2022-06-23 09:15:04,507 - INFO - main.py - train - 58 - 【train】 epoch:6 666/840 loss:0.0464
2022-06-23 09:15:05,708 - INFO - main.py - train - 58 - 【train】 epoch:6 667/840 loss:0.0354
2022-06-23 09:15:06,913 - INFO - main.py - train - 58 - 【train】 epoch:6 668/840 loss:0.0570
2022-06-23 09:15:08,130 - INFO - main.py - train - 58 - 【train】 epoch:6 669/840 loss:0.0083
2022-06-23 09:15:09,339 - INFO - main.py - train - 58 - 【train】 epoch:6 670/840 loss:0.0232
2022-06-23 09:15:10,549 - INFO - main.py - train - 58 - 【train】 epoch:6 671/840 loss:0.0330
2022-06-23 09:15:11,760 - INFO - main.py - train - 58 - 【train】 epoch:6 672/840 loss:0.0098
2022-06-23 09:15:12,969 - INFO - main.py - train - 58 - 【train】 epoch:6 673/840 loss:0.0365
2022-06-23 09:15:14,177 - INFO - main.py - train - 58 - 【train】 epoch:6 674/840 loss:0.0412
2022-06-23 09:15:15,381 - INFO - main.py - train - 58 - 【train】 epoch:6 675/840 loss:0.0210
2022-06-23 09:15:16,572 - INFO - main.py - train - 58 - 【train】 epoch:6 676/840 loss:0.0295
2022-06-23 09:15:17,769 - INFO - main.py - train - 58 - 【train】 epoch:6 677/840 loss:0.0545
2022-06-23 09:15:18,974 - INFO - main.py - train - 58 - 【train】 epoch:6 678/840 loss:0.0253
2022-06-23 09:15:20,173 - INFO - main.py - train - 58 - 【train】 epoch:6 679/840 loss:0.0531
2022-06-23 09:15:21,385 - INFO - main.py - train - 58 - 【train】 epoch:6 680/840 loss:0.0472
2022-06-23 09:15:22,593 - INFO - main.py - train - 58 - 【train】 epoch:6 681/840 loss:0.0618
2022-06-23 09:15:23,787 - INFO - main.py - train - 58 - 【train】 epoch:6 682/840 loss:0.0663
2022-06-23 09:15:24,998 - INFO - main.py - train - 58 - 【train】 epoch:6 683/840 loss:0.0453
2022-06-23 09:15:26,199 - INFO - main.py - train - 58 - 【train】 epoch:6 684/840 loss:0.0914
2022-06-23 09:15:27,408 - INFO - main.py - train - 58 - 【train】 epoch:6 685/840 loss:0.0243
2022-06-23 09:15:28,615 - INFO - main.py - train - 58 - 【train】 epoch:6 686/840 loss:0.0807
2022-06-23 09:15:29,820 - INFO - main.py - train - 58 - 【train】 epoch:6 687/840 loss:0.1072
2022-06-23 09:15:31,072 - INFO - main.py - train - 58 - 【train】 epoch:6 688/840 loss:0.0312
2022-06-23 09:15:32,277 - INFO - main.py - train - 58 - 【train】 epoch:6 689/840 loss:0.0417
2022-06-23 09:15:33,473 - INFO - main.py - train - 58 - 【train】 epoch:6 690/840 loss:0.0282
2022-06-23 09:15:34,683 - INFO - main.py - train - 58 - 【train】 epoch:6 691/840 loss:0.0536
2022-06-23 09:15:35,896 - INFO - main.py - train - 58 - 【train】 epoch:6 692/840 loss:0.0137
2022-06-23 09:15:37,103 - INFO - main.py - train - 58 - 【train】 epoch:6 693/840 loss:0.0532
2022-06-23 09:15:38,302 - INFO - main.py - train - 58 - 【train】 epoch:6 694/840 loss:0.0612
2022-06-23 09:15:39,515 - INFO - main.py - train - 58 - 【train】 epoch:6 695/840 loss:0.1119
2022-06-23 09:15:40,729 - INFO - main.py - train - 58 - 【train】 epoch:6 696/840 loss:0.0164
2022-06-23 09:15:41,933 - INFO - main.py - train - 58 - 【train】 epoch:6 697/840 loss:0.0244
2022-06-23 09:15:43,128 - INFO - main.py - train - 58 - 【train】 epoch:6 698/840 loss:0.0577
2022-06-23 09:15:44,325 - INFO - main.py - train - 58 - 【train】 epoch:6 699/840 loss:0.0329
2022-06-23 09:15:54,571 - INFO - main.py - train - 65 - [eval] loss:0.0000 precision=0.9592 recall=0.9616 f1_score=0.9604
2022-06-23 09:15:54,572 - INFO - train_utils.py - save_model - 77 - Saving model checkpoint to ./checkpoints/bert-1-eff
2022-06-23 09:15:57,115 - INFO - main.py - train - 58 - 【train】 epoch:6 700/840 loss:0.0376
2022-06-23 09:15:58,311 - INFO - main.py - train - 58 - 【train】 epoch:6 701/840 loss:0.0109
2022-06-23 09:15:59,499 - INFO - main.py - train - 58 - 【train】 epoch:6 702/840 loss:0.0193
2022-06-23 09:16:00,695 - INFO - main.py - train - 58 - 【train】 epoch:6 703/840 loss:0.0202
2022-06-23 09:16:01,887 - INFO - main.py - train - 58 - 【train】 epoch:6 704/840 loss:0.0477
2022-06-23 09:16:03,210 - INFO - main.py - train - 58 - 【train】 epoch:6 705/840 loss:0.0559
2022-06-23 09:16:04,532 - INFO - main.py - train - 58 - 【train】 epoch:6 706/840 loss:0.0921
2022-06-23 09:16:05,874 - INFO - main.py - train - 58 - 【train】 epoch:6 707/840 loss:0.0333
2022-06-23 09:16:07,112 - INFO - main.py - train - 58 - 【train】 epoch:6 708/840 loss:0.0095
2022-06-23 09:16:08,434 - INFO - main.py - train - 58 - 【train】 epoch:6 709/840 loss:0.0701
2022-06-23 09:16:09,658 - INFO - main.py - train - 58 - 【train】 epoch:6 710/840 loss:0.0420
2022-06-23 09:16:10,874 - INFO - main.py - train - 58 - 【train】 epoch:6 711/840 loss:0.0351
2022-06-23 09:16:12,088 - INFO - main.py - train - 58 - 【train】 epoch:6 712/840 loss:0.0199
2022-06-23 09:16:13,306 - INFO - main.py - train - 58 - 【train】 epoch:6 713/840 loss:0.0583
2022-06-23 09:16:14,521 - INFO - main.py - train - 58 - 【train】 epoch:6 714/840 loss:0.0412
2022-06-23 09:16:15,730 - INFO - main.py - train - 58 - 【train】 epoch:6 715/840 loss:0.0566
2022-06-23 09:16:16,929 - INFO - main.py - train - 58 - 【train】 epoch:6 716/840 loss:0.0376
2022-06-23 09:16:18,132 - INFO - main.py - train - 58 - 【train】 epoch:6 717/840 loss:0.1077
2022-06-23 09:16:19,350 - INFO - main.py - train - 58 - 【train】 epoch:6 718/840 loss:0.0196
2022-06-23 09:16:19,872 - INFO - main.py - train - 58 - 【train】 epoch:6 719/840 loss:0.0224
2022-06-23 09:16:21,080 - INFO - main.py - train - 58 - 【train】 epoch:7 720/840 loss:0.0276
2022-06-23 09:16:22,281 - INFO - main.py - train - 58 - 【train】 epoch:7 721/840 loss:0.0540
2022-06-23 09:16:23,495 - INFO - main.py - train - 58 - 【train】 epoch:7 722/840 loss:0.0277
2022-06-23 09:16:24,697 - INFO - main.py - train - 58 - 【train】 epoch:7 723/840 loss:0.0507
2022-06-23 09:16:25,904 - INFO - main.py - train - 58 - 【train】 epoch:7 724/840 loss:0.0268
2022-06-23 09:16:27,110 - INFO - main.py - train - 58 - 【train】 epoch:7 725/840 loss:0.0157
2022-06-23 09:16:28,307 - INFO - main.py - train - 58 - 【train】 epoch:7 726/840 loss:0.0289
2022-06-23 09:16:29,513 - INFO - main.py - train - 58 - 【train】 epoch:7 727/840 loss:0.0138
2022-06-23 09:16:30,728 - INFO - main.py - train - 58 - 【train】 epoch:7 728/840 loss:0.0196
2022-06-23 09:16:31,946 - INFO - main.py - train - 58 - 【train】 epoch:7 729/840 loss:0.0185
2022-06-23 09:16:33,150 - INFO - main.py - train - 58 - 【train】 epoch:7 730/840 loss:0.0534
2022-06-23 09:16:34,350 - INFO - main.py - train - 58 - 【train】 epoch:7 731/840 loss:0.0217
2022-06-23 09:16:35,543 - INFO - main.py - train - 58 - 【train】 epoch:7 732/840 loss:0.0158
2022-06-23 09:16:36,750 - INFO - main.py - train - 58 - 【train】 epoch:7 733/840 loss:0.0203
2022-06-23 09:16:37,956 - INFO - main.py - train - 58 - 【train】 epoch:7 734/840 loss:0.0316
2022-06-23 09:16:39,161 - INFO - main.py - train - 58 - 【train】 epoch:7 735/840 loss:0.0223
2022-06-23 09:16:40,368 - INFO - main.py - train - 58 - 【train】 epoch:7 736/840 loss:0.0284
2022-06-23 09:16:41,565 - INFO - main.py - train - 58 - 【train】 epoch:7 737/840 loss:0.0376
2022-06-23 09:16:42,766 - INFO - main.py - train - 58 - 【train】 epoch:7 738/840 loss:0.0106
2022-06-23 09:16:44,006 - INFO - main.py - train - 58 - 【train】 epoch:7 739/840 loss:0.0339
2022-06-23 09:16:45,218 - INFO - main.py - train - 58 - 【train】 epoch:7 740/840 loss:0.0630
2022-06-23 09:16:46,413 - INFO - main.py - train - 58 - 【train】 epoch:7 741/840 loss:0.0338
2022-06-23 09:16:47,606 - INFO - main.py - train - 58 - 【train】 epoch:7 742/840 loss:0.0311
2022-06-23 09:16:48,809 - INFO - main.py - train - 58 - 【train】 epoch:7 743/840 loss:0.0170
2022-06-23 09:16:50,016 - INFO - main.py - train - 58 - 【train】 epoch:7 744/840 loss:0.0350
2022-06-23 09:16:51,223 - INFO - main.py - train - 58 - 【train】 epoch:7 745/840 loss:0.0829
2022-06-23 09:16:52,451 - INFO - main.py - train - 58 - 【train】 epoch:7 746/840 loss:0.0184
2022-06-23 09:16:53,639 - INFO - main.py - train - 58 - 【train】 epoch:7 747/840 loss:0.0227
2022-06-23 09:16:54,839 - INFO - main.py - train - 58 - 【train】 epoch:7 748/840 loss:0.0220
2022-06-23 09:16:56,029 - INFO - main.py - train - 58 - 【train】 epoch:7 749/840 loss:0.0327
2022-06-23 09:17:06,227 - INFO - main.py - train - 65 - [eval] loss:0.0000 precision=0.9639 recall=0.9584 f1_score=0.9612
2022-06-23 09:17:06,228 - INFO - train_utils.py - save_model - 77 - Saving model checkpoint to ./checkpoints/bert-1-eff
2022-06-23 09:17:08,902 - INFO - main.py - train - 58 - 【train】 epoch:7 750/840 loss:0.0089
2022-06-23 09:17:10,101 - INFO - main.py - train - 58 - 【train】 epoch:7 751/840 loss:0.1062
2022-06-23 09:17:11,315 - INFO - main.py - train - 58 - 【train】 epoch:7 752/840 loss:0.0326
2022-06-23 09:17:12,539 - INFO - main.py - train - 58 - 【train】 epoch:7 753/840 loss:0.0319
2022-06-23 09:17:13,742 - INFO - main.py - train - 58 - 【train】 epoch:7 754/840 loss:0.0194
2022-06-23 09:17:14,933 - INFO - main.py - train - 58 - 【train】 epoch:7 755/840 loss:0.0121
2022-06-23 09:17:16,133 - INFO - main.py - train - 58 - 【train】 epoch:7 756/840 loss:0.0285
2022-06-23 09:17:17,481 - INFO - main.py - train - 58 - 【train】 epoch:7 757/840 loss:0.0621
2022-06-23 09:17:18,802 - INFO - main.py - train - 58 - 【train】 epoch:7 758/840 loss:0.0370
2022-06-23 09:17:20,155 - INFO - main.py - train - 58 - 【train】 epoch:7 759/840 loss:0.0217
2022-06-23 09:17:21,450 - INFO - main.py - train - 58 - 【train】 epoch:7 760/840 loss:0.0424
2022-06-23 09:17:22,684 - INFO - main.py - train - 58 - 【train】 epoch:7 761/840 loss:0.0375
2022-06-23 09:17:23,905 - INFO - main.py - train - 58 - 【train】 epoch:7 762/840 loss:0.0286
2022-06-23 09:17:25,113 - INFO - main.py - train - 58 - 【train】 epoch:7 763/840 loss:0.0443
2022-06-23 09:17:26,323 - INFO - main.py - train - 58 - 【train】 epoch:7 764/840 loss:0.0749
2022-06-23 09:17:27,527 - INFO - main.py - train - 58 - 【train】 epoch:7 765/840 loss:0.0147
2022-06-23 09:17:28,724 - INFO - main.py - train - 58 - 【train】 epoch:7 766/840 loss:0.0611
2022-06-23 09:17:29,938 - INFO - main.py - train - 58 - 【train】 epoch:7 767/840 loss:0.0158
2022-06-23 09:17:31,152 - INFO - main.py - train - 58 - 【train】 epoch:7 768/840 loss:0.0205
2022-06-23 09:17:32,362 - INFO - main.py - train - 58 - 【train】 epoch:7 769/840 loss:0.0289
2022-06-23 09:17:33,576 - INFO - main.py - train - 58 - 【train】 epoch:7 770/840 loss:0.0858
2022-06-23 09:17:34,769 - INFO - main.py - train - 58 - 【train】 epoch:7 771/840 loss:0.0294
2022-06-23 09:17:35,985 - INFO - main.py - train - 58 - 【train】 epoch:7 772/840 loss:0.0199
2022-06-23 09:17:37,203 - INFO - main.py - train - 58 - 【train】 epoch:7 773/840 loss:0.0427
2022-06-23 09:17:38,405 - INFO - main.py - train - 58 - 【train】 epoch:7 774/840 loss:0.0259
2022-06-23 09:17:39,610 - INFO - main.py - train - 58 - 【train】 epoch:7 775/840 loss:0.0680
2022-06-23 09:17:40,823 - INFO - main.py - train - 58 - 【train】 epoch:7 776/840 loss:0.0252
2022-06-23 09:17:42,038 - INFO - main.py - train - 58 - 【train】 epoch:7 777/840 loss:0.0349
2022-06-23 09:17:43,244 - INFO - main.py - train - 58 - 【train】 epoch:7 778/840 loss:0.0178
2022-06-23 09:17:44,454 - INFO - main.py - train - 58 - 【train】 epoch:7 779/840 loss:0.0277
2022-06-23 09:17:45,646 - INFO - main.py - train - 58 - 【train】 epoch:7 780/840 loss:0.0177
2022-06-23 09:17:46,845 - INFO - main.py - train - 58 - 【train】 epoch:7 781/840 loss:0.0183
2022-06-23 09:17:48,041 - INFO - main.py - train - 58 - 【train】 epoch:7 782/840 loss:0.0373
2022-06-23 09:17:49,259 - INFO - main.py - train - 58 - 【train】 epoch:7 783/840 loss:0.0913
2022-06-23 09:17:50,479 - INFO - main.py - train - 58 - 【train】 epoch:7 784/840 loss:0.0165
2022-06-23 09:17:51,691 - INFO - main.py - train - 58 - 【train】 epoch:7 785/840 loss:0.0171
2022-06-23 09:17:52,919 - INFO - main.py - train - 58 - 【train】 epoch:7 786/840 loss:0.0303
2022-06-23 09:17:54,123 - INFO - main.py - train - 58 - 【train】 epoch:7 787/840 loss:0.0254
2022-06-23 09:17:55,342 - INFO - main.py - train - 58 - 【train】 epoch:7 788/840 loss:0.0570
2022-06-23 09:17:56,546 - INFO - main.py - train - 58 - 【train】 epoch:7 789/840 loss:0.0362
2022-06-23 09:17:57,743 - INFO - main.py - train - 58 - 【train】 epoch:7 790/840 loss:0.0277
2022-06-23 09:17:58,942 - INFO - main.py - train - 58 - 【train】 epoch:7 791/840 loss:0.0108
2022-06-23 09:18:00,134 - INFO - main.py - train - 58 - 【train】 epoch:7 792/840 loss:0.0280
2022-06-23 09:18:01,334 - INFO - main.py - train - 58 - 【train】 epoch:7 793/840 loss:0.0368
2022-06-23 09:18:02,535 - INFO - main.py - train - 58 - 【train】 epoch:7 794/840 loss:0.0413
2022-06-23 09:18:03,746 - INFO - main.py - train - 58 - 【train】 epoch:7 795/840 loss:0.0199
2022-06-23 09:18:04,934 - INFO - main.py - train - 58 - 【train】 epoch:7 796/840 loss:0.0346
2022-06-23 09:18:06,137 - INFO - main.py - train - 58 - 【train】 epoch:7 797/840 loss:0.0169
2022-06-23 09:18:07,338 - INFO - main.py - train - 58 - 【train】 epoch:7 798/840 loss:0.0217
2022-06-23 09:18:08,537 - INFO - main.py - train - 58 - 【train】 epoch:7 799/840 loss:0.0149
2022-06-23 09:18:18,738 - INFO - main.py - train - 65 - [eval] loss:0.0000 precision=0.9616 recall=0.9616 f1_score=0.9616
2022-06-23 09:18:18,739 - INFO - train_utils.py - save_model - 77 - Saving model checkpoint to ./checkpoints/bert-1-eff
2022-06-23 09:18:21,437 - INFO - main.py - train - 58 - 【train】 epoch:7 800/840 loss:0.0448
2022-06-23 09:18:22,623 - INFO - main.py - train - 58 - 【train】 epoch:7 801/840 loss:0.0204
2022-06-23 09:18:23,824 - INFO - main.py - train - 58 - 【train】 epoch:7 802/840 loss:0.0107
2022-06-23 09:18:25,034 - INFO - main.py - train - 58 - 【train】 epoch:7 803/840 loss:0.0268
2022-06-23 09:18:26,248 - INFO - main.py - train - 58 - 【train】 epoch:7 804/840 loss:0.0214
2022-06-23 09:18:27,465 - INFO - main.py - train - 58 - 【train】 epoch:7 805/840 loss:0.0356
2022-06-23 09:18:29,027 - INFO - main.py - train - 58 - 【train】 epoch:7 806/840 loss:0.0404
2022-06-23 09:18:30,291 - INFO - main.py - train - 58 - 【train】 epoch:7 807/840 loss:0.0153
2022-06-23 09:18:31,552 - INFO - main.py - train - 58 - 【train】 epoch:7 808/840 loss:0.0609
2022-06-23 09:18:32,954 - INFO - main.py - train - 58 - 【train】 epoch:7 809/840 loss:0.0339
2022-06-23 09:18:34,193 - INFO - main.py - train - 58 - 【train】 epoch:7 810/840 loss:0.0404
2022-06-23 09:18:35,398 - INFO - main.py - train - 58 - 【train】 epoch:7 811/840 loss:0.0318
2022-06-23 09:18:36,597 - INFO - main.py - train - 58 - 【train】 epoch:7 812/840 loss:0.0218
2022-06-23 09:18:37,817 - INFO - main.py - train - 58 - 【train】 epoch:7 813/840 loss:0.1171
2022-06-23 09:18:39,005 - INFO - main.py - train - 58 - 【train】 epoch:7 814/840 loss:0.0369
2022-06-23 09:18:40,207 - INFO - main.py - train - 58 - 【train】 epoch:7 815/840 loss:0.0130
2022-06-23 09:18:41,420 - INFO - main.py - train - 58 - 【train】 epoch:7 816/840 loss:0.0820
2022-06-23 09:18:42,626 - INFO - main.py - train - 58 - 【train】 epoch:7 817/840 loss:0.0303
2022-06-23 09:18:43,818 - INFO - main.py - train - 58 - 【train】 epoch:7 818/840 loss:0.0457
2022-06-23 09:18:45,043 - INFO - main.py - train - 58 - 【train】 epoch:7 819/840 loss:0.0313
2022-06-23 09:18:46,247 - INFO - main.py - train - 58 - 【train】 epoch:7 820/840 loss:0.0254
2022-06-23 09:18:47,458 - INFO - main.py - train - 58 - 【train】 epoch:7 821/840 loss:0.0240
2022-06-23 09:18:49,060 - INFO - main.py - train - 58 - 【train】 epoch:7 822/840 loss:0.0210
2022-06-23 09:18:50,694 - INFO - main.py - train - 58 - 【train】 epoch:7 823/840 loss:0.0520
2022-06-23 09:18:51,995 - INFO - main.py - train - 58 - 【train】 epoch:7 824/840 loss:0.0135
2022-06-23 09:18:53,206 - INFO - main.py - train - 58 - 【train】 epoch:7 825/840 loss:0.0269
2022-06-23 09:18:54,402 - INFO - main.py - train - 58 - 【train】 epoch:7 826/840 loss:0.0174
2022-06-23 09:18:55,605 - INFO - main.py - train - 58 - 【train】 epoch:7 827/840 loss:0.0260
2022-06-23 09:18:56,829 - INFO - main.py - train - 58 - 【train】 epoch:7 828/840 loss:0.0626
2022-06-23 09:18:58,041 - INFO - main.py - train - 58 - 【train】 epoch:7 829/840 loss:0.0262
2022-06-23 09:18:59,243 - INFO - main.py - train - 58 - 【train】 epoch:7 830/840 loss:0.0124
2022-06-23 09:19:00,446 - INFO - main.py - train - 58 - 【train】 epoch:7 831/840 loss:0.0179
2022-06-23 09:19:01,657 - INFO - main.py - train - 58 - 【train】 epoch:7 832/840 loss:0.0146
2022-06-23 09:19:02,865 - INFO - main.py - train - 58 - 【train】 epoch:7 833/840 loss:0.0258
2022-06-23 09:19:04,091 - INFO - main.py - train - 58 - 【train】 epoch:7 834/840 loss:0.0185
2022-06-23 09:19:05,319 - INFO - main.py - train - 58 - 【train】 epoch:7 835/840 loss:0.0135
2022-06-23 09:19:06,530 - INFO - main.py - train - 58 - 【train】 epoch:7 836/840 loss:0.0484
2022-06-23 09:19:07,723 - INFO - main.py - train - 58 - 【train】 epoch:7 837/840 loss:0.0170
2022-06-23 09:19:08,928 - INFO - main.py - train - 58 - 【train】 epoch:7 838/840 loss:0.0283
2022-06-23 09:19:09,457 - INFO - main.py - train - 58 - 【train】 epoch:7 839/840 loss:0.0446
2022-06-23 09:19:09,458 - INFO - main.py - train - 69 - best f1:0.9615869017632241
2022-06-23 09:19:11,678 - INFO - train_utils.py - load_model_and_parallel - 103 - Load ckpt from ./checkpoints/bert-1-eff/model.pt
2022-06-23 09:19:12,716 - INFO - train_utils.py - load_model_and_parallel - 113 - Use single gpu in: ['0']
2022-06-23 09:19:23,151 - INFO - main.py - test - 170 -           precision    recall  f1-score   support

   TITLE       0.97      0.96      0.97       762
    RACE       1.00      0.93      0.97        15
    CONT       1.00      1.00      1.00        33
     ORG       0.95      0.94      0.94       539
    NAME       0.99      1.00      1.00       110
     EDU       0.97      0.98      0.98       109
     PRO       0.90      1.00      0.95        18
     LOC       1.00      1.00      1.00         2

micro-f1       0.96      0.96      0.96      1588

2022-06-23 09:19:23,152 - INFO - main.py - <module> - 251 - 虞兔良先生：1963年12月出生，汉族，中国国籍，无境外永久居留权，浙江绍兴人，中共党员，MBA，经济师。
2022-06-23 09:19:25,315 - INFO - train_utils.py - load_model_and_parallel - 103 - Load ckpt from ./checkpoints/bert-1-eff/model.pt
2022-06-23 09:19:26,275 - INFO - train_utils.py - load_model_and_parallel - 113 - Use single gpu in: ['0']
2022-06-23 09:19:26,319 - INFO - main.py - predict - 201 - {'TITLE': [['中共党员', 41], ['经济师', 50]], 'RACE': [['汉族', 18]], 'CONT': [['中国国籍', 21]], 'NAME': [['虞兔良', 1]], 'EDU': [['MBA', 46]], 'LOC': [['浙江绍兴人', 35]]}
